[0.186s] DEBUG:colcon:Command line arguments: ['/usr/bin/colcon', 'build']
[0.186s] DEBUG:colcon:Parsed command line arguments: Namespace(log_base=None, log_level=None, verb_name='build', build_base='build', install_base='install', merge_install=False, symlink_install=False, test_result_base=None, continue_on_error=False, executor='parallel', parallel_workers=12, event_handlers=None, ignore_user_meta=False, metas=['./colcon.meta'], base_paths=['.'], packages_ignore=None, packages_ignore_regex=None, paths=None, packages_up_to=None, packages_up_to_regex=None, packages_above=None, packages_above_and_dependencies=None, packages_above_depth=None, packages_select_by_dep=None, packages_skip_by_dep=None, packages_skip_up_to=None, packages_select_build_failed=False, packages_skip_build_finished=False, packages_select_test_failures=False, packages_skip_test_passed=False, packages_select=None, packages_skip=None, packages_select_regex=None, packages_skip_regex=None, packages_start=None, packages_end=None, allow_overriding=[], cmake_args=None, cmake_target=None, cmake_target_skip_unavailable=False, cmake_clean_cache=False, cmake_clean_first=False, cmake_force_configure=False, ament_cmake_args=None, catkin_cmake_args=None, catkin_skip_building_tests=False, mixin_files=None, mixin=None, verb_parser=<colcon_mixin.mixin.mixin_argument.MixinArgumentDecorator object at 0x7c70fdaa70e0>, verb_extension=<colcon_core.verb.build.BuildVerb object at 0x7c70fdaa6d80>, main=<bound method BuildVerb.main of <colcon_core.verb.build.BuildVerb object at 0x7c70fdaa6d80>>, mixin_verb=('build',))
[0.259s] Level 1:colcon.colcon_core.package_discovery:discover_packages(colcon_meta) check parameters
[0.260s] Level 1:colcon.colcon_core.package_discovery:discover_packages(recursive) check parameters
[0.260s] Level 1:colcon.colcon_core.package_discovery:discover_packages(ignore) check parameters
[0.260s] Level 1:colcon.colcon_core.package_discovery:discover_packages(path) check parameters
[0.260s] Level 1:colcon.colcon_core.package_discovery:discover_packages(colcon_meta) discover
[0.260s] Level 1:colcon.colcon_core.package_discovery:discover_packages(recursive) discover
[0.260s] INFO:colcon.colcon_core.package_discovery:Crawling recursively for packages in '/home/chumbi/ros2_ws'
[0.260s] Level 1:colcon.colcon_core.package_identification:_identify(.) by extensions ['ignore', 'ignore_ament_install']
[0.260s] Level 1:colcon.colcon_core.package_identification:_identify(.) by extension 'ignore'
[0.260s] Level 1:colcon.colcon_core.package_identification:_identify(.) by extension 'ignore_ament_install'
[0.260s] Level 1:colcon.colcon_core.package_identification:_identify(.) by extensions ['colcon_pkg']
[0.260s] Level 1:colcon.colcon_core.package_identification:_identify(.) by extension 'colcon_pkg'
[0.260s] Level 1:colcon.colcon_core.package_identification:_identify(.) by extensions ['colcon_meta']
[0.260s] Level 1:colcon.colcon_core.package_identification:_identify(.) by extension 'colcon_meta'
[0.260s] Level 1:colcon.colcon_core.package_identification:_identify(.) by extensions ['ros']
[0.260s] Level 1:colcon.colcon_core.package_identification:_identify(.) by extension 'ros'
[0.302s] Level 1:colcon.colcon_core.package_identification:_identify(.) by extensions ['cmake', 'python']
[0.302s] Level 1:colcon.colcon_core.package_identification:_identify(.) by extension 'cmake'
[0.302s] Level 1:colcon.colcon_core.package_identification:_identify(.) by extension 'python'
[0.302s] Level 1:colcon.colcon_core.package_identification:_identify(.) by extensions ['python_setup_py']
[0.302s] Level 1:colcon.colcon_core.package_identification:_identify(.) by extension 'python_setup_py'
[0.302s] Level 1:colcon.colcon_core.package_identification:_identify(build) by extensions ['ignore', 'ignore_ament_install']
[0.302s] Level 1:colcon.colcon_core.package_identification:_identify(build) by extension 'ignore'
[0.302s] Level 1:colcon.colcon_core.package_identification:_identify(build) ignored
[0.303s] Level 1:colcon.colcon_core.package_identification:_identify(install) by extensions ['ignore', 'ignore_ament_install']
[0.303s] Level 1:colcon.colcon_core.package_identification:_identify(install) by extension 'ignore'
[0.303s] Level 1:colcon.colcon_core.package_identification:_identify(install) ignored
[0.303s] Level 1:colcon.colcon_core.package_identification:_identify(log) by extensions ['ignore', 'ignore_ament_install']
[0.303s] Level 1:colcon.colcon_core.package_identification:_identify(log) by extension 'ignore'
[0.303s] Level 1:colcon.colcon_core.package_identification:_identify(log) ignored
[0.303s] Level 1:colcon.colcon_core.package_identification:_identify(src) by extensions ['ignore', 'ignore_ament_install']
[0.303s] Level 1:colcon.colcon_core.package_identification:_identify(src) by extension 'ignore'
[0.303s] Level 1:colcon.colcon_core.package_identification:_identify(src) by extension 'ignore_ament_install'
[0.304s] Level 1:colcon.colcon_core.package_identification:_identify(src) by extensions ['colcon_pkg']
[0.304s] Level 1:colcon.colcon_core.package_identification:_identify(src) by extension 'colcon_pkg'
[0.304s] Level 1:colcon.colcon_core.package_identification:_identify(src) by extensions ['colcon_meta']
[0.304s] Level 1:colcon.colcon_core.package_identification:_identify(src) by extension 'colcon_meta'
[0.304s] Level 1:colcon.colcon_core.package_identification:_identify(src) by extensions ['ros']
[0.304s] Level 1:colcon.colcon_core.package_identification:_identify(src) by extension 'ros'
[0.304s] Level 1:colcon.colcon_core.package_identification:_identify(src) by extensions ['cmake', 'python']
[0.304s] Level 1:colcon.colcon_core.package_identification:_identify(src) by extension 'cmake'
[0.304s] Level 1:colcon.colcon_core.package_identification:_identify(src) by extension 'python'
[0.304s] Level 1:colcon.colcon_core.package_identification:_identify(src) by extensions ['python_setup_py']
[0.304s] Level 1:colcon.colcon_core.package_identification:_identify(src) by extension 'python_setup_py'
[0.304s] Level 1:colcon.colcon_core.package_identification:_identify(src/lsc_ros2_driver) by extensions ['ignore', 'ignore_ament_install']
[0.304s] Level 1:colcon.colcon_core.package_identification:_identify(src/lsc_ros2_driver) by extension 'ignore'
[0.304s] Level 1:colcon.colcon_core.package_identification:_identify(src/lsc_ros2_driver) by extension 'ignore_ament_install'
[0.304s] Level 1:colcon.colcon_core.package_identification:_identify(src/lsc_ros2_driver) by extensions ['colcon_pkg']
[0.304s] Level 1:colcon.colcon_core.package_identification:_identify(src/lsc_ros2_driver) by extension 'colcon_pkg'
[0.304s] Level 1:colcon.colcon_core.package_identification:_identify(src/lsc_ros2_driver) by extensions ['colcon_meta']
[0.304s] Level 1:colcon.colcon_core.package_identification:_identify(src/lsc_ros2_driver) by extension 'colcon_meta'
[0.304s] Level 1:colcon.colcon_core.package_identification:_identify(src/lsc_ros2_driver) by extensions ['ros']
[0.304s] Level 1:colcon.colcon_core.package_identification:_identify(src/lsc_ros2_driver) by extension 'ros'
[0.310s] DEBUG:colcon.colcon_core.package_identification:Package 'src/lsc_ros2_driver' with type 'ros.ament_cmake' and name 'lsc_ros2_driver'
[0.310s] Level 1:colcon.colcon_core.package_identification:_identify(src/rf2o_laser_odometry) by extensions ['ignore', 'ignore_ament_install']
[0.310s] Level 1:colcon.colcon_core.package_identification:_identify(src/rf2o_laser_odometry) by extension 'ignore'
[0.310s] Level 1:colcon.colcon_core.package_identification:_identify(src/rf2o_laser_odometry) by extension 'ignore_ament_install'
[0.310s] Level 1:colcon.colcon_core.package_identification:_identify(src/rf2o_laser_odometry) by extensions ['colcon_pkg']
[0.310s] Level 1:colcon.colcon_core.package_identification:_identify(src/rf2o_laser_odometry) by extension 'colcon_pkg'
[0.310s] Level 1:colcon.colcon_core.package_identification:_identify(src/rf2o_laser_odometry) by extensions ['colcon_meta']
[0.310s] Level 1:colcon.colcon_core.package_identification:_identify(src/rf2o_laser_odometry) by extension 'colcon_meta'
[0.310s] Level 1:colcon.colcon_core.package_identification:_identify(src/rf2o_laser_odometry) by extensions ['ros']
[0.310s] Level 1:colcon.colcon_core.package_identification:_identify(src/rf2o_laser_odometry) by extension 'ros'
[0.312s] DEBUG:colcon.colcon_core.package_identification:Package 'src/rf2o_laser_odometry' with type 'ros.ament_cmake' and name 'rf2o_laser_odometry'
[0.312s] Level 1:colcon.colcon_core.package_identification:_identify(src/testing) by extensions ['ignore', 'ignore_ament_install']
[0.312s] Level 1:colcon.colcon_core.package_identification:_identify(src/testing) by extension 'ignore'
[0.312s] Level 1:colcon.colcon_core.package_identification:_identify(src/testing) by extension 'ignore_ament_install'
[0.312s] Level 1:colcon.colcon_core.package_identification:_identify(src/testing) by extensions ['colcon_pkg']
[0.312s] Level 1:colcon.colcon_core.package_identification:_identify(src/testing) by extension 'colcon_pkg'
[0.312s] Level 1:colcon.colcon_core.package_identification:_identify(src/testing) by extensions ['colcon_meta']
[0.312s] Level 1:colcon.colcon_core.package_identification:_identify(src/testing) by extension 'colcon_meta'
[0.312s] Level 1:colcon.colcon_core.package_identification:_identify(src/testing) by extensions ['ros']
[0.312s] Level 1:colcon.colcon_core.package_identification:_identify(src/testing) by extension 'ros'
[0.313s] DEBUG:colcon.colcon_core.package_identification:Package 'src/testing' with type 'ros.ament_python' and name 'testing'
[0.313s] Level 1:colcon.colcon_core.package_discovery:discover_packages(recursive) using defaults
[0.314s] Level 1:colcon.colcon_core.package_discovery:discover_packages(ignore) discover
[0.314s] Level 1:colcon.colcon_core.package_discovery:discover_packages(ignore) using defaults
[0.314s] Level 1:colcon.colcon_core.package_discovery:discover_packages(path) discover
[0.314s] Level 1:colcon.colcon_core.package_discovery:discover_packages(path) using defaults
[0.349s] Level 1:colcon.colcon_core.package_discovery:discover_packages(prefix_path) check parameters
[0.349s] Level 1:colcon.colcon_core.package_discovery:discover_packages(prefix_path) discover
[0.354s] DEBUG:colcon.colcon_installed_package_information.package_discovery:Found 3 installed packages in /home/chumbi/ros2_ws/install
[0.357s] DEBUG:colcon.colcon_installed_package_information.package_discovery:Found 439 installed packages in /opt/ros/jazzy
[0.360s] Level 1:colcon.colcon_core.package_discovery:discover_packages(prefix_path) using defaults
[0.420s] Level 5:colcon.colcon_core.verb:set package 'lsc_ros2_driver' build argument 'cmake_args' from command line to 'None'
[0.420s] Level 5:colcon.colcon_core.verb:set package 'lsc_ros2_driver' build argument 'cmake_target' from command line to 'None'
[0.420s] Level 5:colcon.colcon_core.verb:set package 'lsc_ros2_driver' build argument 'cmake_target_skip_unavailable' from command line to 'False'
[0.420s] Level 5:colcon.colcon_core.verb:set package 'lsc_ros2_driver' build argument 'cmake_clean_cache' from command line to 'False'
[0.420s] Level 5:colcon.colcon_core.verb:set package 'lsc_ros2_driver' build argument 'cmake_clean_first' from command line to 'False'
[0.420s] Level 5:colcon.colcon_core.verb:set package 'lsc_ros2_driver' build argument 'cmake_force_configure' from command line to 'False'
[0.420s] Level 5:colcon.colcon_core.verb:set package 'lsc_ros2_driver' build argument 'ament_cmake_args' from command line to 'None'
[0.420s] Level 5:colcon.colcon_core.verb:set package 'lsc_ros2_driver' build argument 'catkin_cmake_args' from command line to 'None'
[0.420s] Level 5:colcon.colcon_core.verb:set package 'lsc_ros2_driver' build argument 'catkin_skip_building_tests' from command line to 'False'
[0.420s] DEBUG:colcon.colcon_core.verb:Building package 'lsc_ros2_driver' with the following arguments: {'ament_cmake_args': None, 'build_base': '/home/chumbi/ros2_ws/build/lsc_ros2_driver', 'catkin_cmake_args': None, 'catkin_skip_building_tests': False, 'cmake_args': None, 'cmake_clean_cache': False, 'cmake_clean_first': False, 'cmake_force_configure': False, 'cmake_target': None, 'cmake_target_skip_unavailable': False, 'install_base': '/home/chumbi/ros2_ws/install/lsc_ros2_driver', 'merge_install': False, 'path': '/home/chumbi/ros2_ws/src/lsc_ros2_driver', 'symlink_install': False, 'test_result_base': None}
[0.420s] Level 5:colcon.colcon_core.verb:set package 'rf2o_laser_odometry' build argument 'cmake_args' from command line to 'None'
[0.420s] Level 5:colcon.colcon_core.verb:set package 'rf2o_laser_odometry' build argument 'cmake_target' from command line to 'None'
[0.420s] Level 5:colcon.colcon_core.verb:set package 'rf2o_laser_odometry' build argument 'cmake_target_skip_unavailable' from command line to 'False'
[0.420s] Level 5:colcon.colcon_core.verb:set package 'rf2o_laser_odometry' build argument 'cmake_clean_cache' from command line to 'False'
[0.420s] Level 5:colcon.colcon_core.verb:set package 'rf2o_laser_odometry' build argument 'cmake_clean_first' from command line to 'False'
[0.420s] Level 5:colcon.colcon_core.verb:set package 'rf2o_laser_odometry' build argument 'cmake_force_configure' from command line to 'False'
[0.420s] Level 5:colcon.colcon_core.verb:set package 'rf2o_laser_odometry' build argument 'ament_cmake_args' from command line to 'None'
[0.420s] Level 5:colcon.colcon_core.verb:set package 'rf2o_laser_odometry' build argument 'catkin_cmake_args' from command line to 'None'
[0.420s] Level 5:colcon.colcon_core.verb:set package 'rf2o_laser_odometry' build argument 'catkin_skip_building_tests' from command line to 'False'
[0.420s] DEBUG:colcon.colcon_core.verb:Building package 'rf2o_laser_odometry' with the following arguments: {'ament_cmake_args': None, 'build_base': '/home/chumbi/ros2_ws/build/rf2o_laser_odometry', 'catkin_cmake_args': None, 'catkin_skip_building_tests': False, 'cmake_args': None, 'cmake_clean_cache': False, 'cmake_clean_first': False, 'cmake_force_configure': False, 'cmake_target': None, 'cmake_target_skip_unavailable': False, 'install_base': '/home/chumbi/ros2_ws/install/rf2o_laser_odometry', 'merge_install': False, 'path': '/home/chumbi/ros2_ws/src/rf2o_laser_odometry', 'symlink_install': False, 'test_result_base': None}
[0.421s] Level 5:colcon.colcon_core.verb:set package 'testing' build argument 'cmake_args' from command line to 'None'
[0.421s] Level 5:colcon.colcon_core.verb:set package 'testing' build argument 'cmake_target' from command line to 'None'
[0.421s] Level 5:colcon.colcon_core.verb:set package 'testing' build argument 'cmake_target_skip_unavailable' from command line to 'False'
[0.421s] Level 5:colcon.colcon_core.verb:set package 'testing' build argument 'cmake_clean_cache' from command line to 'False'
[0.421s] Level 5:colcon.colcon_core.verb:set package 'testing' build argument 'cmake_clean_first' from command line to 'False'
[0.421s] Level 5:colcon.colcon_core.verb:set package 'testing' build argument 'cmake_force_configure' from command line to 'False'
[0.421s] Level 5:colcon.colcon_core.verb:set package 'testing' build argument 'ament_cmake_args' from command line to 'None'
[0.421s] Level 5:colcon.colcon_core.verb:set package 'testing' build argument 'catkin_cmake_args' from command line to 'None'
[0.421s] Level 5:colcon.colcon_core.verb:set package 'testing' build argument 'catkin_skip_building_tests' from command line to 'False'
[0.421s] DEBUG:colcon.colcon_core.verb:Building package 'testing' with the following arguments: {'ament_cmake_args': None, 'build_base': '/home/chumbi/ros2_ws/build/testing', 'catkin_cmake_args': None, 'catkin_skip_building_tests': False, 'cmake_args': None, 'cmake_clean_cache': False, 'cmake_clean_first': False, 'cmake_force_configure': False, 'cmake_target': None, 'cmake_target_skip_unavailable': False, 'install_base': '/home/chumbi/ros2_ws/install/testing', 'merge_install': False, 'path': '/home/chumbi/ros2_ws/src/testing', 'symlink_install': False, 'test_result_base': None}
[0.421s] INFO:colcon.colcon_core.executor:Executing jobs using 'parallel' executor
[0.423s] DEBUG:colcon.colcon_parallel_executor.executor.parallel:run_until_complete
[0.423s] INFO:colcon.colcon_ros.task.ament_cmake.build:Building ROS package in '/home/chumbi/ros2_ws/src/lsc_ros2_driver' with build type 'ament_cmake'
[0.423s] INFO:colcon.colcon_cmake.task.cmake.build:Building CMake package in '/home/chumbi/ros2_ws/src/lsc_ros2_driver'
[0.429s] INFO:colcon.colcon_core.plugin_system:Skipping extension 'colcon_core.shell.bat': Not used on non-Windows systems
[0.430s] INFO:colcon.colcon_core.shell:Skip shell extension 'powershell' for command environment: Not usable outside of PowerShell
[0.430s] DEBUG:colcon.colcon_core.shell:Skip shell extension 'dsv' for command environment
[0.436s] INFO:colcon.colcon_ros.task.ament_cmake.build:Building ROS package in '/home/chumbi/ros2_ws/src/rf2o_laser_odometry' with build type 'ament_cmake'
[0.436s] INFO:colcon.colcon_cmake.task.cmake.build:Building CMake package in '/home/chumbi/ros2_ws/src/rf2o_laser_odometry'
[0.436s] INFO:colcon.colcon_core.shell:Skip shell extension 'powershell' for command environment: Not usable outside of PowerShell
[0.436s] DEBUG:colcon.colcon_core.shell:Skip shell extension 'dsv' for command environment
[0.441s] INFO:colcon.colcon_ros.task.ament_python.build:Building ROS package in '/home/chumbi/ros2_ws/src/testing' with build type 'ament_python'
[0.441s] Level 1:colcon.colcon_core.shell:create_environment_hook('testing', 'ament_prefix_path')
[0.441s] INFO:colcon.colcon_core.shell:Creating environment hook '/home/chumbi/ros2_ws/install/testing/share/testing/hook/ament_prefix_path.ps1'
[0.442s] INFO:colcon.colcon_core.shell:Creating environment descriptor '/home/chumbi/ros2_ws/install/testing/share/testing/hook/ament_prefix_path.dsv'
[0.443s] INFO:colcon.colcon_core.shell:Creating environment hook '/home/chumbi/ros2_ws/install/testing/share/testing/hook/ament_prefix_path.sh'
[0.444s] INFO:colcon.colcon_core.shell:Skip shell extension 'powershell' for command environment: Not usable outside of PowerShell
[0.445s] DEBUG:colcon.colcon_core.shell:Skip shell extension 'dsv' for command environment
[0.458s] DEBUG:colcon.colcon_core.event_handler.log_command:Invoking command in '/home/chumbi/ros2_ws/build/lsc_ros2_driver': CMAKE_PREFIX_PATH=${CMAKE_PREFIX_PATH}:/home/chumbi/ros2_ws/install/testing:/opt/ros/jazzy DEBUGINFOD_URLS=https://debuginfod.ubuntu.com /usr/bin/cmake --build /home/chumbi/ros2_ws/build/lsc_ros2_driver -- -j12 -l12
[0.462s] DEBUG:colcon.colcon_core.event_handler.log_command:Invoking command in '/home/chumbi/ros2_ws/build/rf2o_laser_odometry': CMAKE_PREFIX_PATH=${CMAKE_PREFIX_PATH}:/home/chumbi/ros2_ws/install/testing:/opt/ros/jazzy DEBUGINFOD_URLS=https://debuginfod.ubuntu.com /usr/bin/cmake --build /home/chumbi/ros2_ws/build/rf2o_laser_odometry -- -j12 -l12
[0.779s] INFO:colcon.colcon_core.task.python.build:Building Python package in '/home/chumbi/ros2_ws/src/testing'
[0.780s] INFO:colcon.colcon_core.shell:Skip shell extension 'powershell' for command environment: Not usable outside of PowerShell
[0.780s] DEBUG:colcon.colcon_core.shell:Skip shell extension 'dsv' for command environment
[0.787s] DEBUG:colcon.colcon_core.event_handler.log_command:Invoked command in '/home/chumbi/ros2_ws/build/rf2o_laser_odometry' returned '0': CMAKE_PREFIX_PATH=${CMAKE_PREFIX_PATH}:/home/chumbi/ros2_ws/install/testing:/opt/ros/jazzy DEBUGINFOD_URLS=https://debuginfod.ubuntu.com /usr/bin/cmake --build /home/chumbi/ros2_ws/build/rf2o_laser_odometry -- -j12 -l12
[0.815s] DEBUG:colcon.colcon_core.event_handler.log_command:Invoking command in '/home/chumbi/ros2_ws/build/rf2o_laser_odometry': CMAKE_PREFIX_PATH=${CMAKE_PREFIX_PATH}:/home/chumbi/ros2_ws/install/testing:/opt/ros/jazzy DEBUGINFOD_URLS=https://debuginfod.ubuntu.com /usr/bin/cmake --install /home/chumbi/ros2_ws/build/rf2o_laser_odometry
[0.817s] DEBUG:colcon.colcon_core.event_handler.log_command:Invoked command in '/home/chumbi/ros2_ws/build/lsc_ros2_driver' returned '0': CMAKE_PREFIX_PATH=${CMAKE_PREFIX_PATH}:/home/chumbi/ros2_ws/install/testing:/opt/ros/jazzy DEBUGINFOD_URLS=https://debuginfod.ubuntu.com /usr/bin/cmake --build /home/chumbi/ros2_ws/build/lsc_ros2_driver -- -j12 -l12
[0.823s] DEBUG:colcon.colcon_core.event_handler.log_command:Invoking command in '/home/chumbi/ros2_ws/build/lsc_ros2_driver': CMAKE_PREFIX_PATH=${CMAKE_PREFIX_PATH}:/home/chumbi/ros2_ws/install/testing:/opt/ros/jazzy DEBUGINFOD_URLS=https://debuginfod.ubuntu.com /usr/bin/cmake --install /home/chumbi/ros2_ws/build/lsc_ros2_driver
[0.863s] Level 1:colcon.colcon_core.environment:create_environment_scripts_only(rf2o_laser_odometry)
[0.868s] DEBUG:colcon.colcon_core.event_handler.log_command:Invoked command in '/home/chumbi/ros2_ws/build/rf2o_laser_odometry' returned '0': CMAKE_PREFIX_PATH=${CMAKE_PREFIX_PATH}:/home/chumbi/ros2_ws/install/testing:/opt/ros/jazzy DEBUGINFOD_URLS=https://debuginfod.ubuntu.com /usr/bin/cmake --install /home/chumbi/ros2_ws/build/rf2o_laser_odometry
[0.886s] Level 1:colcon.colcon_core.environment:checking '/home/chumbi/ros2_ws/install/rf2o_laser_odometry' for CMake module files
[0.888s] Level 1:colcon.colcon_core.environment:checking '/home/chumbi/ros2_ws/install/rf2o_laser_odometry' for CMake config files
[0.889s] Level 1:colcon.colcon_core.shell:create_environment_hook('rf2o_laser_odometry', 'cmake_prefix_path')
[0.890s] INFO:colcon.colcon_core.shell:Creating environment hook '/home/chumbi/ros2_ws/install/rf2o_laser_odometry/share/rf2o_laser_odometry/hook/cmake_prefix_path.ps1'
[0.892s] INFO:colcon.colcon_core.shell:Creating environment descriptor '/home/chumbi/ros2_ws/install/rf2o_laser_odometry/share/rf2o_laser_odometry/hook/cmake_prefix_path.dsv'
[0.893s] INFO:colcon.colcon_core.shell:Creating environment hook '/home/chumbi/ros2_ws/install/rf2o_laser_odometry/share/rf2o_laser_odometry/hook/cmake_prefix_path.sh'
[0.895s] Level 1:colcon.colcon_core.environment:checking '/home/chumbi/ros2_ws/install/rf2o_laser_odometry/lib'
[0.896s] Level 1:colcon.colcon_core.environment:checking '/home/chumbi/ros2_ws/install/rf2o_laser_odometry/bin'
[0.896s] Level 1:colcon.colcon_core.environment:checking '/home/chumbi/ros2_ws/install/rf2o_laser_odometry/lib/pkgconfig/rf2o_laser_odometry.pc'
[0.897s] Level 1:colcon.colcon_core.environment:checking '/home/chumbi/ros2_ws/install/rf2o_laser_odometry/lib/python3.12/site-packages'
[0.898s] Level 1:colcon.colcon_core.environment:checking '/home/chumbi/ros2_ws/install/rf2o_laser_odometry/bin'
[0.899s] INFO:colcon.colcon_core.shell:Creating package script '/home/chumbi/ros2_ws/install/rf2o_laser_odometry/share/rf2o_laser_odometry/package.ps1'
[0.901s] INFO:colcon.colcon_core.shell:Creating package descriptor '/home/chumbi/ros2_ws/install/rf2o_laser_odometry/share/rf2o_laser_odometry/package.dsv'
[0.902s] INFO:colcon.colcon_core.shell:Creating package script '/home/chumbi/ros2_ws/install/rf2o_laser_odometry/share/rf2o_laser_odometry/package.sh'
[0.904s] INFO:colcon.colcon_core.shell:Creating package script '/home/chumbi/ros2_ws/install/rf2o_laser_odometry/share/rf2o_laser_odometry/package.bash'
[0.906s] INFO:colcon.colcon_core.shell:Creating package script '/home/chumbi/ros2_ws/install/rf2o_laser_odometry/share/rf2o_laser_odometry/package.zsh'
[0.907s] Level 1:colcon.colcon_core.environment:create_file_with_runtime_dependencies(/home/chumbi/ros2_ws/install/rf2o_laser_odometry/share/colcon-core/packages/rf2o_laser_odometry)
[0.908s] Level 1:colcon.colcon_core.environment:create_environment_scripts_only(rf2o_laser_odometry)
[0.908s] Level 1:colcon.colcon_core.environment:checking '/home/chumbi/ros2_ws/install/rf2o_laser_odometry' for CMake module files
[0.909s] Level 1:colcon.colcon_core.environment:checking '/home/chumbi/ros2_ws/install/rf2o_laser_odometry' for CMake config files
[0.909s] Level 1:colcon.colcon_core.shell:create_environment_hook('rf2o_laser_odometry', 'cmake_prefix_path')
[0.909s] INFO:colcon.colcon_core.shell:Creating environment hook '/home/chumbi/ros2_ws/install/rf2o_laser_odometry/share/rf2o_laser_odometry/hook/cmake_prefix_path.ps1'
[0.910s] INFO:colcon.colcon_core.shell:Creating environment descriptor '/home/chumbi/ros2_ws/install/rf2o_laser_odometry/share/rf2o_laser_odometry/hook/cmake_prefix_path.dsv'
[0.910s] INFO:colcon.colcon_core.shell:Creating environment hook '/home/chumbi/ros2_ws/install/rf2o_laser_odometry/share/rf2o_laser_odometry/hook/cmake_prefix_path.sh'
[0.911s] Level 1:colcon.colcon_core.environment:checking '/home/chumbi/ros2_ws/install/rf2o_laser_odometry/lib'
[0.911s] Level 1:colcon.colcon_core.environment:checking '/home/chumbi/ros2_ws/install/rf2o_laser_odometry/bin'
[0.911s] Level 1:colcon.colcon_core.environment:checking '/home/chumbi/ros2_ws/install/rf2o_laser_odometry/lib/pkgconfig/rf2o_laser_odometry.pc'
[0.911s] Level 1:colcon.colcon_core.environment:checking '/home/chumbi/ros2_ws/install/rf2o_laser_odometry/lib/python3.12/site-packages'
[0.912s] Level 1:colcon.colcon_core.environment:checking '/home/chumbi/ros2_ws/install/rf2o_laser_odometry/bin'
[0.912s] INFO:colcon.colcon_core.shell:Creating package script '/home/chumbi/ros2_ws/install/rf2o_laser_odometry/share/rf2o_laser_odometry/package.ps1'
[0.913s] INFO:colcon.colcon_core.shell:Creating package descriptor '/home/chumbi/ros2_ws/install/rf2o_laser_odometry/share/rf2o_laser_odometry/package.dsv'
[0.913s] INFO:colcon.colcon_core.shell:Creating package script '/home/chumbi/ros2_ws/install/rf2o_laser_odometry/share/rf2o_laser_odometry/package.sh'
[0.914s] INFO:colcon.colcon_core.shell:Creating package script '/home/chumbi/ros2_ws/install/rf2o_laser_odometry/share/rf2o_laser_odometry/package.bash'
[0.915s] INFO:colcon.colcon_core.shell:Creating package script '/home/chumbi/ros2_ws/install/rf2o_laser_odometry/share/rf2o_laser_odometry/package.zsh'
[0.915s] Level 1:colcon.colcon_core.environment:create_file_with_runtime_dependencies(/home/chumbi/ros2_ws/install/rf2o_laser_odometry/share/colcon-core/packages/rf2o_laser_odometry)
[0.918s] Level 1:colcon.colcon_core.environment:create_environment_scripts_only(lsc_ros2_driver)
[0.919s] Level 1:colcon.colcon_core.environment:checking '/home/chumbi/ros2_ws/install/lsc_ros2_driver' for CMake module files
[0.921s] DEBUG:colcon.colcon_core.event_handler.log_command:Invoked command in '/home/chumbi/ros2_ws/build/lsc_ros2_driver' returned '0': CMAKE_PREFIX_PATH=${CMAKE_PREFIX_PATH}:/home/chumbi/ros2_ws/install/testing:/opt/ros/jazzy DEBUGINFOD_URLS=https://debuginfod.ubuntu.com /usr/bin/cmake --install /home/chumbi/ros2_ws/build/lsc_ros2_driver
[0.922s] Level 1:colcon.colcon_core.environment:checking '/home/chumbi/ros2_ws/install/lsc_ros2_driver' for CMake config files
[0.924s] Level 1:colcon.colcon_core.shell:create_environment_hook('lsc_ros2_driver', 'cmake_prefix_path')
[0.924s] INFO:colcon.colcon_core.shell:Creating environment hook '/home/chumbi/ros2_ws/install/lsc_ros2_driver/share/lsc_ros2_driver/hook/cmake_prefix_path.ps1'
[0.926s] INFO:colcon.colcon_core.shell:Creating environment descriptor '/home/chumbi/ros2_ws/install/lsc_ros2_driver/share/lsc_ros2_driver/hook/cmake_prefix_path.dsv'
[0.927s] INFO:colcon.colcon_core.shell:Creating environment hook '/home/chumbi/ros2_ws/install/lsc_ros2_driver/share/lsc_ros2_driver/hook/cmake_prefix_path.sh'
[0.930s] Level 1:colcon.colcon_core.environment:checking '/home/chumbi/ros2_ws/install/lsc_ros2_driver/lib'
[0.930s] Level 1:colcon.colcon_core.environment:checking '/home/chumbi/ros2_ws/install/lsc_ros2_driver/bin'
[0.930s] Level 1:colcon.colcon_core.environment:checking '/home/chumbi/ros2_ws/install/lsc_ros2_driver/lib/pkgconfig/lsc_ros2_driver.pc'
[0.931s] Level 1:colcon.colcon_core.environment:checking '/home/chumbi/ros2_ws/install/lsc_ros2_driver/lib/python3.12/site-packages'
[0.932s] Level 1:colcon.colcon_core.environment:checking '/home/chumbi/ros2_ws/install/lsc_ros2_driver/bin'
[0.932s] INFO:colcon.colcon_core.shell:Creating package script '/home/chumbi/ros2_ws/install/lsc_ros2_driver/share/lsc_ros2_driver/package.ps1'
[0.934s] INFO:colcon.colcon_core.shell:Creating package descriptor '/home/chumbi/ros2_ws/install/lsc_ros2_driver/share/lsc_ros2_driver/package.dsv'
[0.936s] INFO:colcon.colcon_core.shell:Creating package script '/home/chumbi/ros2_ws/install/lsc_ros2_driver/share/lsc_ros2_driver/package.sh'
[0.937s] INFO:colcon.colcon_core.shell:Creating package script '/home/chumbi/ros2_ws/install/lsc_ros2_driver/share/lsc_ros2_driver/package.bash'
[0.938s] INFO:colcon.colcon_core.shell:Creating package script '/home/chumbi/ros2_ws/install/lsc_ros2_driver/share/lsc_ros2_driver/package.zsh'
[0.939s] Level 1:colcon.colcon_core.environment:create_file_with_runtime_dependencies(/home/chumbi/ros2_ws/install/lsc_ros2_driver/share/colcon-core/packages/lsc_ros2_driver)
[0.941s] Level 1:colcon.colcon_core.environment:create_environment_scripts_only(lsc_ros2_driver)
[0.941s] Level 1:colcon.colcon_core.environment:checking '/home/chumbi/ros2_ws/install/lsc_ros2_driver' for CMake module files
[0.942s] Level 1:colcon.colcon_core.environment:checking '/home/chumbi/ros2_ws/install/lsc_ros2_driver' for CMake config files
[0.942s] Level 1:colcon.colcon_core.shell:create_environment_hook('lsc_ros2_driver', 'cmake_prefix_path')
[0.942s] INFO:colcon.colcon_core.shell:Creating environment hook '/home/chumbi/ros2_ws/install/lsc_ros2_driver/share/lsc_ros2_driver/hook/cmake_prefix_path.ps1'
[0.943s] INFO:colcon.colcon_core.shell:Creating environment descriptor '/home/chumbi/ros2_ws/install/lsc_ros2_driver/share/lsc_ros2_driver/hook/cmake_prefix_path.dsv'
[0.944s] INFO:colcon.colcon_core.shell:Creating environment hook '/home/chumbi/ros2_ws/install/lsc_ros2_driver/share/lsc_ros2_driver/hook/cmake_prefix_path.sh'
[0.944s] Level 1:colcon.colcon_core.environment:checking '/home/chumbi/ros2_ws/install/lsc_ros2_driver/lib'
[0.945s] Level 1:colcon.colcon_core.environment:checking '/home/chumbi/ros2_ws/install/lsc_ros2_driver/bin'
[0.945s] Level 1:colcon.colcon_core.environment:checking '/home/chumbi/ros2_ws/install/lsc_ros2_driver/lib/pkgconfig/lsc_ros2_driver.pc'
[0.945s] Level 1:colcon.colcon_core.environment:checking '/home/chumbi/ros2_ws/install/lsc_ros2_driver/lib/python3.12/site-packages'
[0.945s] Level 1:colcon.colcon_core.environment:checking '/home/chumbi/ros2_ws/install/lsc_ros2_driver/bin'
[0.946s] INFO:colcon.colcon_core.shell:Creating package script '/home/chumbi/ros2_ws/install/lsc_ros2_driver/share/lsc_ros2_driver/package.ps1'
[0.946s] INFO:colcon.colcon_core.shell:Creating package descriptor '/home/chumbi/ros2_ws/install/lsc_ros2_driver/share/lsc_ros2_driver/package.dsv'
[0.947s] INFO:colcon.colcon_core.shell:Creating package script '/home/chumbi/ros2_ws/install/lsc_ros2_driver/share/lsc_ros2_driver/package.sh'
[0.948s] INFO:colcon.colcon_core.shell:Creating package script '/home/chumbi/ros2_ws/install/lsc_ros2_driver/share/lsc_ros2_driver/package.bash'
[0.948s] INFO:colcon.colcon_core.shell:Creating package script '/home/chumbi/ros2_ws/install/lsc_ros2_driver/share/lsc_ros2_driver/package.zsh'
[0.949s] Level 1:colcon.colcon_core.environment:create_file_with_runtime_dependencies(/home/chumbi/ros2_ws/install/lsc_ros2_driver/share/colcon-core/packages/lsc_ros2_driver)
[1.884s] DEBUG:colcon.colcon_core.event_handler.log_command:Invoking command in '/home/chumbi/ros2_ws/src/testing': DEBUGINFOD_URLS=https://debuginfod.ubuntu.com PYTHONPATH=/home/chumbi/ros2_ws/build/testing/prefix_override:/usr/lib/python3/dist-packages/colcon_core/task/python/colcon_distutils_commands:/home/chumbi/ros2_ws/install/testing/lib/python3.12/site-packages:${PYTHONPATH} /usr/bin/python3 -W ignore:setup.py install is deprecated -W ignore:easy_install command is deprecated setup.py egg_info --egg-base ../../build/testing build --build-base /home/chumbi/ros2_ws/build/testing/build install --record /home/chumbi/ros2_ws/build/testing/install.log --single-version-externally-managed install_data
[2.642s] Level 1:colcon.colcon_core.environment:checking '/home/chumbi/ros2_ws/install/testing' for CMake module files
[2.643s] DEBUG:colcon.colcon_core.event_handler.log_command:Invoked command in '/home/chumbi/ros2_ws/src/testing' returned '0': DEBUGINFOD_URLS=https://debuginfod.ubuntu.com PYTHONPATH=/home/chumbi/ros2_ws/build/testing/prefix_override:/usr/lib/python3/dist-packages/colcon_core/task/python/colcon_distutils_commands:/home/chumbi/ros2_ws/install/testing/lib/python3.12/site-packages:${PYTHONPATH} /usr/bin/python3 -W ignore:setup.py install is deprecated -W ignore:easy_install command is deprecated setup.py egg_info --egg-base ../../build/testing build --build-base /home/chumbi/ros2_ws/build/testing/build install --record /home/chumbi/ros2_ws/build/testing/install.log --single-version-externally-managed install_data
[2.644s] Level 1:colcon.colcon_core.environment:checking '/home/chumbi/ros2_ws/install/testing' for CMake config files
[2.646s] Level 1:colcon.colcon_core.environment:checking '/home/chumbi/ros2_ws/install/testing/lib'
[2.646s] Level 1:colcon.colcon_core.environment:checking '/home/chumbi/ros2_ws/install/testing/bin'
[2.646s] Level 1:colcon.colcon_core.environment:checking '/home/chumbi/ros2_ws/install/testing/lib/pkgconfig/testing.pc'
[2.647s] Level 1:colcon.colcon_core.environment:checking '/home/chumbi/ros2_ws/install/testing/lib/python3.12/site-packages'
[2.647s] Level 1:colcon.colcon_core.shell:create_environment_hook('testing', 'pythonpath')
[2.647s] INFO:colcon.colcon_core.shell:Creating environment hook '/home/chumbi/ros2_ws/install/testing/share/testing/hook/pythonpath.ps1'
[2.649s] INFO:colcon.colcon_core.shell:Creating environment descriptor '/home/chumbi/ros2_ws/install/testing/share/testing/hook/pythonpath.dsv'
[2.649s] INFO:colcon.colcon_core.shell:Creating environment hook '/home/chumbi/ros2_ws/install/testing/share/testing/hook/pythonpath.sh'
[2.651s] Level 1:colcon.colcon_core.environment:checking '/home/chumbi/ros2_ws/install/testing/bin'
[2.651s] Level 1:colcon.colcon_core.environment:create_environment_scripts_only(testing)
[2.652s] INFO:colcon.colcon_core.shell:Creating package script '/home/chumbi/ros2_ws/install/testing/share/testing/package.ps1'
[2.653s] INFO:colcon.colcon_core.shell:Creating package descriptor '/home/chumbi/ros2_ws/install/testing/share/testing/package.dsv'
[2.654s] INFO:colcon.colcon_core.shell:Creating package script '/home/chumbi/ros2_ws/install/testing/share/testing/package.sh'
[2.655s] INFO:colcon.colcon_core.shell:Creating package script '/home/chumbi/ros2_ws/install/testing/share/testing/package.bash'
[2.655s] INFO:colcon.colcon_core.shell:Creating package script '/home/chumbi/ros2_ws/install/testing/share/testing/package.zsh'
[2.656s] Level 1:colcon.colcon_core.environment:create_file_with_runtime_dependencies(/home/chumbi/ros2_ws/install/testing/share/colcon-core/packages/testing)
[2.657s] DEBUG:colcon.colcon_parallel_executor.executor.parallel:closing loop
[2.658s] DEBUG:colcon.colcon_parallel_executor.executor.parallel:loop closed
[2.658s] DEBUG:colcon.colcon_parallel_executor.executor.parallel:run_until_complete finished with '0'
[2.658s] DEBUG:colcon.colcon_core.event_reactor:joining thread
[2.682s] INFO:colcon.colcon_core.plugin_system:Skipping extension 'colcon_notification.desktop_notification.terminal_notifier': Not used on non-Darwin systems
[2.682s] INFO:colcon.colcon_core.plugin_system:Skipping extension 'colcon_notification.desktop_notification.win32': Not used on non-Windows systems
[2.682s] INFO:colcon.colcon_notification.desktop_notification:Sending desktop notification using 'notify2'
[2.744s] DEBUG:colcon.colcon_core.event_reactor:joined thread
[2.744s] INFO:colcon.colcon_core.shell:Creating prefix script '/home/chumbi/ros2_ws/install/local_setup.ps1'
[2.746s] INFO:colcon.colcon_core.shell:Creating prefix util module '/home/chumbi/ros2_ws/install/_local_setup_util_ps1.py'
[2.748s] INFO:colcon.colcon_core.shell:Creating prefix chain script '/home/chumbi/ros2_ws/install/setup.ps1'
[2.749s] INFO:colcon.colcon_core.shell:Creating prefix script '/home/chumbi/ros2_ws/install/local_setup.sh'
[2.750s] INFO:colcon.colcon_core.shell:Creating prefix util module '/home/chumbi/ros2_ws/install/_local_setup_util_sh.py'
[2.751s] INFO:colcon.colcon_core.shell:Creating prefix chain script '/home/chumbi/ros2_ws/install/setup.sh'
[2.752s] INFO:colcon.colcon_core.shell:Creating prefix script '/home/chumbi/ros2_ws/install/local_setup.bash'
[2.753s] INFO:colcon.colcon_core.shell:Creating prefix chain script '/home/chumbi/ros2_ws/install/setup.bash'
[2.754s] INFO:colcon.colcon_core.shell:Creating prefix script '/home/chumbi/ros2_ws/install/local_setup.zsh'
[2.755s] INFO:colcon.colcon_core.shell:Creating prefix chain script '/home/chumbi/ros2_ws/install/setup.zsh'
