[0.012s] Invoking command in '/home/chumbi/ros2_ws/build/rf2o_laser_odometry': CMAKE_PREFIX_PATH=${CMAKE_PREFIX_PATH}:/home/chumbi/ros2_ws/install/testing:/opt/ros/jazzy DEBUGINFOD_URLS=https://debuginfod.ubuntu.com /usr/bin/cmake /home/chumbi/ros2_ws/src/rf2o_laser_odometry -DCMAKE_INSTALL_PREFIX=/home/chumbi/ros2_ws/install/rf2o_laser_odometry
[0.053s] -- The C compiler identification is GNU 13.3.0
[0.096s] -- The CXX compiler identification is GNU 13.3.0
[0.108s] -- Detecting C compiler ABI info
[0.177s] -- Detecting C compiler ABI info - done
[0.183s] -- Check for working C compiler: /usr/bin/cc - skipped
[0.183s] -- Detecting C compile features
[0.184s] -- Detecting C compile features - done
[0.192s] -- Detecting CXX compiler ABI info
[0.290s] -- Detecting CXX compiler ABI info - done
[0.297s] -- Check for working CXX compiler: /usr/bin/c++ - skipped
[0.297s] -- Detecting CXX compile features
[0.298s] -- Detecting CXX compile features - done
[0.302s] -- Found ament_cmake: 2.5.4 (/opt/ros/jazzy/share/ament_cmake/cmake)
[0.421s] -- Found Python3: /usr/bin/python3 (found version "3.12.3") found components: Interpreter 
[0.523s] -- Found rclcpp: 28.1.9 (/opt/ros/jazzy/share/rclcpp/cmake)
[0.562s] -- Found rosidl_generator_c: 4.6.5 (/opt/ros/jazzy/share/rosidl_generator_c/cmake)
[0.575s] -- Found rosidl_generator_cpp: 4.6.5 (/opt/ros/jazzy/share/rosidl_generator_cpp/cmake)
[0.590s] -- Using all available rosidl_typesupport_c: rosidl_typesupport_fastrtps_c;rosidl_typesupport_introspection_c
[0.607s] -- Using all available rosidl_typesupport_cpp: rosidl_typesupport_fastrtps_cpp;rosidl_typesupport_introspection_cpp
[0.675s] -- Found rmw_implementation_cmake: 7.3.2 (/opt/ros/jazzy/share/rmw_implementation_cmake/cmake)
[0.678s] -- Found rmw_fastrtps_cpp: 8.4.2 (/opt/ros/jazzy/share/rmw_fastrtps_cpp/cmake)
[0.754s] -- Found OpenSSL: /usr/lib/x86_64-linux-gnu/libcrypto.so (found version "3.0.13")  
[0.785s] -- Found FastRTPS: /opt/ros/jazzy/include (Required is at least version "2.13") 
[0.813s] -- Using RMW implementation 'rmw_fastrtps_cpp' as default
[0.883s] -- Found std_msgs: 5.3.6 (/opt/ros/jazzy/share/std_msgs/cmake)
[0.897s] -- Found geometry_msgs: 5.3.6 (/opt/ros/jazzy/share/geometry_msgs/cmake)
[0.912s] -- Found tf2_geometry_msgs: 0.36.11 (/opt/ros/jazzy/share/tf2_geometry_msgs/cmake)
[0.932s] -- Found eigen3_cmake_module: 0.3.0 (/opt/ros/jazzy/share/eigen3_cmake_module/cmake)
[0.934s] -- Found Eigen3: TRUE (found version "3.4.0") 
[0.934s] -- Ensuring Eigen3 include directory is part of orocos-kdl CMake target
[1.097s] -- Found sensor_msgs: 5.3.6 (/opt/ros/jazzy/share/sensor_msgs/cmake)
[1.118s] -- Found nav_msgs: 5.3.6 (/opt/ros/jazzy/share/nav_msgs/cmake)
[1.153s] -- Found Boost: /usr/lib/x86_64-linux-gnu/cmake/Boost-1.83.0/BoostConfig.cmake (found version "1.83.0")  
[1.255s] -- Configuring done (1.2s)
[1.269s] -- Generating done (0.0s)
[1.273s] -- Build files have been written to: /home/chumbi/ros2_ws/build/rf2o_laser_odometry
[1.284s] Invoked command in '/home/chumbi/ros2_ws/build/rf2o_laser_odometry' returned '0': CMAKE_PREFIX_PATH=${CMAKE_PREFIX_PATH}:/home/chumbi/ros2_ws/install/testing:/opt/ros/jazzy DEBUGINFOD_URLS=https://debuginfod.ubuntu.com /usr/bin/cmake /home/chumbi/ros2_ws/src/rf2o_laser_odometry -DCMAKE_INSTALL_PREFIX=/home/chumbi/ros2_ws/install/rf2o_laser_odometry
[1.285s] Invoking command in '/home/chumbi/ros2_ws/build/rf2o_laser_odometry': CMAKE_PREFIX_PATH=${CMAKE_PREFIX_PATH}:/home/chumbi/ros2_ws/install/testing:/opt/ros/jazzy DEBUGINFOD_URLS=https://debuginfod.ubuntu.com /usr/bin/cmake --build /home/chumbi/ros2_ws/build/rf2o_laser_odometry -- -j12 -l12
[1.326s] [ 20%] [32mBuilding CXX object CMakeFiles/rf2o_laser_odometry_node.dir/src/CLaserOdometry2DNode.cpp.o[0m
[1.329s] [ 40%] [32mBuilding CXX object CMakeFiles/rf2o_laser_odometry.dir/src/CLaserOdometry2D.cpp.o[0m
[1.331s] [ 60%] [32mBuilding CXX object CMakeFiles/rf2o_laser_odometry_node.dir/src/CLaserOdometry2D.cpp.o[0m
[16.419s] [ 80%] [32m[1mLinking CXX executable rf2o_laser_odometry_node[0m
[16.426s] [100%] [32m[1mLinking CXX static library librf2o_laser_odometry.a[0m
[16.600s] [100%] Built target rf2o_laser_odometry
[17.097s] [100%] Built target rf2o_laser_odometry_node
[17.107s] Invoked command in '/home/chumbi/ros2_ws/build/rf2o_laser_odometry' returned '0': CMAKE_PREFIX_PATH=${CMAKE_PREFIX_PATH}:/home/chumbi/ros2_ws/install/testing:/opt/ros/jazzy DEBUGINFOD_URLS=https://debuginfod.ubuntu.com /usr/bin/cmake --build /home/chumbi/ros2_ws/build/rf2o_laser_odometry -- -j12 -l12
[17.108s] Invoking command in '/home/chumbi/ros2_ws/build/rf2o_laser_odometry': CMAKE_PREFIX_PATH=${CMAKE_PREFIX_PATH}:/home/chumbi/ros2_ws/install/testing:/opt/ros/jazzy DEBUGINFOD_URLS=https://debuginfod.ubuntu.com /usr/bin/cmake --install /home/chumbi/ros2_ws/build/rf2o_laser_odometry
[17.116s] -- Install configuration: ""
[17.116s] -- Installing: /home/chumbi/ros2_ws/install/rf2o_laser_odometry/lib/rf2o_laser_odometry/rf2o_laser_odometry_node
[17.125s] -- Set non-toolchain portion of runtime path of "/home/chumbi/ros2_ws/install/rf2o_laser_odometry/lib/rf2o_laser_odometry/rf2o_laser_odometry_node" to ""
[17.125s] -- Installing: /home/chumbi/ros2_ws/install/rf2o_laser_odometry/share/rf2o_laser_odometry/launch
[17.126s] -- Installing: /home/chumbi/ros2_ws/install/rf2o_laser_odometry/share/rf2o_laser_odometry/launch/rf2o_laser_odometry.launch.py
[17.126s] -- Installing: /home/chumbi/ros2_ws/install/rf2o_laser_odometry/share/ament_index/resource_index/package_run_dependencies/rf2o_laser_odometry
[17.126s] -- Installing: /home/chumbi/ros2_ws/install/rf2o_laser_odometry/share/ament_index/resource_index/parent_prefix_path/rf2o_laser_odometry
[17.126s] -- Installing: /home/chumbi/ros2_ws/install/rf2o_laser_odometry/share/rf2o_laser_odometry/environment/ament_prefix_path.sh
[17.126s] -- Installing: /home/chumbi/ros2_ws/install/rf2o_laser_odometry/share/rf2o_laser_odometry/environment/ament_prefix_path.dsv
[17.126s] -- Installing: /home/chumbi/ros2_ws/install/rf2o_laser_odometry/share/rf2o_laser_odometry/environment/path.sh
[17.126s] -- Installing: /home/chumbi/ros2_ws/install/rf2o_laser_odometry/share/rf2o_laser_odometry/environment/path.dsv
[17.126s] -- Installing: /home/chumbi/ros2_ws/install/rf2o_laser_odometry/share/rf2o_laser_odometry/local_setup.bash
[17.126s] -- Installing: /home/chumbi/ros2_ws/install/rf2o_laser_odometry/share/rf2o_laser_odometry/local_setup.sh
[17.126s] -- Installing: /home/chumbi/ros2_ws/install/rf2o_laser_odometry/share/rf2o_laser_odometry/local_setup.zsh
[17.126s] -- Installing: /home/chumbi/ros2_ws/install/rf2o_laser_odometry/share/rf2o_laser_odometry/local_setup.dsv
[17.126s] -- Installing: /home/chumbi/ros2_ws/install/rf2o_laser_odometry/share/rf2o_laser_odometry/package.dsv
[17.126s] -- Installing: /home/chumbi/ros2_ws/install/rf2o_laser_odometry/share/ament_index/resource_index/packages/rf2o_laser_odometry
[17.126s] -- Installing: /home/chumbi/ros2_ws/install/rf2o_laser_odometry/share/rf2o_laser_odometry/cmake/rf2o_laser_odometryConfig.cmake
[17.126s] -- Installing: /home/chumbi/ros2_ws/install/rf2o_laser_odometry/share/rf2o_laser_odometry/cmake/rf2o_laser_odometryConfig-version.cmake
[17.126s] -- Installing: /home/chumbi/ros2_ws/install/rf2o_laser_odometry/share/rf2o_laser_odometry/package.xml
[17.128s] Invoked command in '/home/chumbi/ros2_ws/build/rf2o_laser_odometry' returned '0': CMAKE_PREFIX_PATH=${CMAKE_PREFIX_PATH}:/home/chumbi/ros2_ws/install/testing:/opt/ros/jazzy DEBUGINFOD_URLS=https://debuginfod.ubuntu.com /usr/bin/cmake --install /home/chumbi/ros2_ws/build/rf2o_laser_odometry
