[0.024s] Invoking command in '/home/chumbi/ros2_ws/build/lsc_ros2_driver': CMAKE_PREFIX_PATH=${CMAKE_PREFIX_PATH}:/home/chumbi/ros2_ws/install/testing:/opt/ros/jazzy DEBUGINFOD_URLS=https://debuginfod.ubuntu.com /usr/bin/cmake --build /home/chumbi/ros2_ws/build/lsc_ros2_driver -- -j12 -l12
[0.140s] [100%] Built target autonics_lsc_lidar
[0.439s] Invoked command in '/home/chumbi/ros2_ws/build/lsc_ros2_driver' returned '0': CMAKE_PREFIX_PATH=${CMAKE_PREFIX_PATH}:/home/chumbi/ros2_ws/install/testing:/opt/ros/jazzy DEBUGINFOD_URLS=https://debuginfod.ubuntu.com /usr/bin/cmake --build /home/chumbi/ros2_ws/build/lsc_ros2_driver -- -j12 -l12
[0.465s] Invoking command in '/home/chumbi/ros2_ws/build/lsc_ros2_driver': CMAKE_PREFIX_PATH=${CMAKE_PREFIX_PATH}:/home/chumbi/ros2_ws/install/testing:/opt/ros/jazzy DEBUGINFOD_URLS=https://debuginfod.ubuntu.com /usr/bin/cmake --install /home/chumbi/ros2_ws/build/lsc_ros2_driver
[0.485s] -- Install configuration: ""
[0.486s] -- Up-to-date: /home/chumbi/ros2_ws/install/lsc_ros2_driver/lib/lsc_ros2_driver/autonics_lsc_lidar
[0.486s] -- Up-to-date: /home/chumbi/ros2_ws/install/lsc_ros2_driver/share/lsc_ros2_driver/launch
[0.486s] -- Up-to-date: /home/chumbi/ros2_ws/install/lsc_ros2_driver/share/lsc_ros2_driver/launch/lsc_ros2_driver_launch.py
[0.487s] -- Up-to-date: /home/chumbi/ros2_ws/install/lsc_ros2_driver/share/lsc_ros2_driver/launch/__pycache__
[0.488s] -- Up-to-date: /home/chumbi/ros2_ws/install/lsc_ros2_driver/share/lsc_ros2_driver/launch/__pycache__/lsc_ros2_driver_launch_ipchange.cpython-38.pyc
[0.488s] -- Up-to-date: /home/chumbi/ros2_ws/install/lsc_ros2_driver/share/lsc_ros2_driver/rviz
[0.488s] -- Up-to-date: /home/chumbi/ros2_ws/install/lsc_ros2_driver/share/lsc_ros2_driver/rviz/lsc_ros2_driver.rviz
[0.488s] -- Up-to-date: /home/chumbi/ros2_ws/install/lsc_ros2_driver/share/lsc_ros2_driver/urdf
[0.488s] -- Up-to-date: /home/chumbi/ros2_ws/install/lsc_ros2_driver/share/lsc_ros2_driver/urdf/lsc-c25ct3-bet.stl
[0.488s] -- Up-to-date: /home/chumbi/ros2_ws/install/lsc_ros2_driver/share/lsc_ros2_driver/urdf/lsc_ros2_driver.urdf.xacro
[0.489s] -- Up-to-date: /home/chumbi/ros2_ws/install/lsc_ros2_driver/share/lsc_ros2_driver/urdf/lsc-c25ct3-bet.dae
[0.489s] -- Up-to-date: /home/chumbi/ros2_ws/install/lsc_ros2_driver/share/ament_index/resource_index/package_run_dependencies/lsc_ros2_driver
[0.489s] -- Up-to-date: /home/chumbi/ros2_ws/install/lsc_ros2_driver/share/ament_index/resource_index/parent_prefix_path/lsc_ros2_driver
[0.489s] -- Up-to-date: /home/chumbi/ros2_ws/install/lsc_ros2_driver/share/lsc_ros2_driver/environment/ament_prefix_path.sh
[0.489s] -- Up-to-date: /home/chumbi/ros2_ws/install/lsc_ros2_driver/share/lsc_ros2_driver/environment/ament_prefix_path.dsv
[0.489s] -- Up-to-date: /home/chumbi/ros2_ws/install/lsc_ros2_driver/share/lsc_ros2_driver/environment/path.sh
[0.490s] -- Up-to-date: /home/chumbi/ros2_ws/install/lsc_ros2_driver/share/lsc_ros2_driver/environment/path.dsv
[0.490s] -- Up-to-date: /home/chumbi/ros2_ws/install/lsc_ros2_driver/share/lsc_ros2_driver/local_setup.bash
[0.490s] -- Up-to-date: /home/chumbi/ros2_ws/install/lsc_ros2_driver/share/lsc_ros2_driver/local_setup.sh
[0.490s] -- Up-to-date: /home/chumbi/ros2_ws/install/lsc_ros2_driver/share/lsc_ros2_driver/local_setup.zsh
[0.490s] -- Up-to-date: /home/chumbi/ros2_ws/install/lsc_ros2_driver/share/lsc_ros2_driver/local_setup.dsv
[0.490s] -- Installing: /home/chumbi/ros2_ws/install/lsc_ros2_driver/share/lsc_ros2_driver/package.dsv
[0.490s] -- Up-to-date: /home/chumbi/ros2_ws/install/lsc_ros2_driver/share/ament_index/resource_index/packages/lsc_ros2_driver
[0.491s] -- Up-to-date: /home/chumbi/ros2_ws/install/lsc_ros2_driver/share/lsc_ros2_driver/cmake/lsc_ros2_driverConfig.cmake
[0.491s] -- Up-to-date: /home/chumbi/ros2_ws/install/lsc_ros2_driver/share/lsc_ros2_driver/cmake/lsc_ros2_driverConfig-version.cmake
[0.491s] -- Up-to-date: /home/chumbi/ros2_ws/install/lsc_ros2_driver/share/lsc_ros2_driver/package.xml
[0.494s] Invoked command in '/home/chumbi/ros2_ws/build/lsc_ros2_driver' returned '0': CMAKE_PREFIX_PATH=${CMAKE_PREFIX_PATH}:/home/chumbi/ros2_ws/install/testing:/opt/ros/jazzy DEBUGINFOD_URLS=https://debuginfod.ubuntu.com /usr/bin/cmake --install /home/chumbi/ros2_ws/build/lsc_ros2_driver
