[0.085s] DEBUG:colcon:Command line arguments: ['/usr/bin/colcon', 'build', '--packages-select', 'testing', '--symlink-install']
[0.085s] DEBUG:colcon:Parsed command line arguments: Namespace(log_base=None, log_level=None, verb_name='build', build_base='build', install_base='install', merge_install=False, symlink_install=True, test_result_base=None, continue_on_error=False, executor='parallel', parallel_workers=12, event_handlers=None, ignore_user_meta=False, metas=['./colcon.meta'], base_paths=['.'], packages_ignore=None, packages_ignore_regex=None, paths=None, packages_up_to=None, packages_up_to_regex=None, packages_above=None, packages_above_and_dependencies=None, packages_above_depth=None, packages_select_by_dep=None, packages_skip_by_dep=None, packages_skip_up_to=None, packages_select_build_failed=False, packages_skip_build_finished=False, packages_select_test_failures=False, packages_skip_test_passed=False, packages_select=['testing'], packages_skip=None, packages_select_regex=None, packages_skip_regex=None, packages_start=None, packages_end=None, allow_overriding=[], cmake_args=None, cmake_target=None, cmake_target_skip_unavailable=False, cmake_clean_cache=False, cmake_clean_first=False, cmake_force_configure=False, ament_cmake_args=None, catkin_cmake_args=None, catkin_skip_building_tests=False, mixin_files=None, mixin=None, verb_parser=<colcon_mixin.mixin.mixin_argument.MixinArgumentDecorator object at 0x7bc9c8fa7350>, verb_extension=<colcon_core.verb.build.BuildVerb object at 0x7bc9c8fa7020>, main=<bound method BuildVerb.main of <colcon_core.verb.build.BuildVerb object at 0x7bc9c8fa7020>>, mixin_verb=('build',))
[0.113s] Level 1:colcon.colcon_core.package_discovery:discover_packages(colcon_meta) check parameters
[0.113s] Level 1:colcon.colcon_core.package_discovery:discover_packages(recursive) check parameters
[0.113s] Level 1:colcon.colcon_core.package_discovery:discover_packages(ignore) check parameters
[0.113s] Level 1:colcon.colcon_core.package_discovery:discover_packages(path) check parameters
[0.113s] Level 1:colcon.colcon_core.package_discovery:discover_packages(colcon_meta) discover
[0.113s] Level 1:colcon.colcon_core.package_discovery:discover_packages(recursive) discover
[0.113s] INFO:colcon.colcon_core.package_discovery:Crawling recursively for packages in '/home/chumbi/ros2_ws'
[0.113s] Level 1:colcon.colcon_core.package_identification:_identify(.) by extensions ['ignore', 'ignore_ament_install']
[0.113s] Level 1:colcon.colcon_core.package_identification:_identify(.) by extension 'ignore'
[0.113s] Level 1:colcon.colcon_core.package_identification:_identify(.) by extension 'ignore_ament_install'
[0.113s] Level 1:colcon.colcon_core.package_identification:_identify(.) by extensions ['colcon_pkg']
[0.113s] Level 1:colcon.colcon_core.package_identification:_identify(.) by extension 'colcon_pkg'
[0.113s] Level 1:colcon.colcon_core.package_identification:_identify(.) by extensions ['colcon_meta']
[0.113s] Level 1:colcon.colcon_core.package_identification:_identify(.) by extension 'colcon_meta'
[0.113s] Level 1:colcon.colcon_core.package_identification:_identify(.) by extensions ['ros']
[0.113s] Level 1:colcon.colcon_core.package_identification:_identify(.) by extension 'ros'
[0.134s] Level 1:colcon.colcon_core.package_identification:_identify(.) by extensions ['cmake', 'python']
[0.134s] Level 1:colcon.colcon_core.package_identification:_identify(.) by extension 'cmake'
[0.134s] Level 1:colcon.colcon_core.package_identification:_identify(.) by extension 'python'
[0.134s] Level 1:colcon.colcon_core.package_identification:_identify(.) by extensions ['python_setup_py']
[0.134s] Level 1:colcon.colcon_core.package_identification:_identify(.) by extension 'python_setup_py'
[0.134s] Level 1:colcon.colcon_core.package_identification:_identify(build) by extensions ['ignore', 'ignore_ament_install']
[0.134s] Level 1:colcon.colcon_core.package_identification:_identify(build) by extension 'ignore'
[0.134s] Level 1:colcon.colcon_core.package_identification:_identify(build) ignored
[0.134s] Level 1:colcon.colcon_core.package_identification:_identify(install) by extensions ['ignore', 'ignore_ament_install']
[0.135s] Level 1:colcon.colcon_core.package_identification:_identify(install) by extension 'ignore'
[0.135s] Level 1:colcon.colcon_core.package_identification:_identify(install) ignored
[0.135s] Level 1:colcon.colcon_core.package_identification:_identify(log) by extensions ['ignore', 'ignore_ament_install']
[0.135s] Level 1:colcon.colcon_core.package_identification:_identify(log) by extension 'ignore'
[0.135s] Level 1:colcon.colcon_core.package_identification:_identify(log) ignored
[0.135s] Level 1:colcon.colcon_core.package_identification:_identify(src) by extensions ['ignore', 'ignore_ament_install']
[0.135s] Level 1:colcon.colcon_core.package_identification:_identify(src) by extension 'ignore'
[0.135s] Level 1:colcon.colcon_core.package_identification:_identify(src) by extension 'ignore_ament_install'
[0.135s] Level 1:colcon.colcon_core.package_identification:_identify(src) by extensions ['colcon_pkg']
[0.135s] Level 1:colcon.colcon_core.package_identification:_identify(src) by extension 'colcon_pkg'
[0.135s] Level 1:colcon.colcon_core.package_identification:_identify(src) by extensions ['colcon_meta']
[0.135s] Level 1:colcon.colcon_core.package_identification:_identify(src) by extension 'colcon_meta'
[0.135s] Level 1:colcon.colcon_core.package_identification:_identify(src) by extensions ['ros']
[0.135s] Level 1:colcon.colcon_core.package_identification:_identify(src) by extension 'ros'
[0.135s] Level 1:colcon.colcon_core.package_identification:_identify(src) by extensions ['cmake', 'python']
[0.135s] Level 1:colcon.colcon_core.package_identification:_identify(src) by extension 'cmake'
[0.135s] Level 1:colcon.colcon_core.package_identification:_identify(src) by extension 'python'
[0.135s] Level 1:colcon.colcon_core.package_identification:_identify(src) by extensions ['python_setup_py']
[0.135s] Level 1:colcon.colcon_core.package_identification:_identify(src) by extension 'python_setup_py'
[0.135s] Level 1:colcon.colcon_core.package_identification:_identify(src/lsc_ros2_driver) by extensions ['ignore', 'ignore_ament_install']
[0.135s] Level 1:colcon.colcon_core.package_identification:_identify(src/lsc_ros2_driver) by extension 'ignore'
[0.135s] Level 1:colcon.colcon_core.package_identification:_identify(src/lsc_ros2_driver) by extension 'ignore_ament_install'
[0.135s] Level 1:colcon.colcon_core.package_identification:_identify(src/lsc_ros2_driver) by extensions ['colcon_pkg']
[0.135s] Level 1:colcon.colcon_core.package_identification:_identify(src/lsc_ros2_driver) by extension 'colcon_pkg'
[0.135s] Level 1:colcon.colcon_core.package_identification:_identify(src/lsc_ros2_driver) by extensions ['colcon_meta']
[0.135s] Level 1:colcon.colcon_core.package_identification:_identify(src/lsc_ros2_driver) by extension 'colcon_meta'
[0.135s] Level 1:colcon.colcon_core.package_identification:_identify(src/lsc_ros2_driver) by extensions ['ros']
[0.135s] Level 1:colcon.colcon_core.package_identification:_identify(src/lsc_ros2_driver) by extension 'ros'
[0.137s] DEBUG:colcon.colcon_core.package_identification:Package 'src/lsc_ros2_driver' with type 'ros.ament_cmake' and name 'lsc_ros2_driver'
[0.137s] Level 1:colcon.colcon_core.package_identification:_identify(src/rf2o_laser_odometry) by extensions ['ignore', 'ignore_ament_install']
[0.137s] Level 1:colcon.colcon_core.package_identification:_identify(src/rf2o_laser_odometry) by extension 'ignore'
[0.137s] Level 1:colcon.colcon_core.package_identification:_identify(src/rf2o_laser_odometry) by extension 'ignore_ament_install'
[0.137s] Level 1:colcon.colcon_core.package_identification:_identify(src/rf2o_laser_odometry) by extensions ['colcon_pkg']
[0.137s] Level 1:colcon.colcon_core.package_identification:_identify(src/rf2o_laser_odometry) by extension 'colcon_pkg'
[0.137s] Level 1:colcon.colcon_core.package_identification:_identify(src/rf2o_laser_odometry) by extensions ['colcon_meta']
[0.138s] Level 1:colcon.colcon_core.package_identification:_identify(src/rf2o_laser_odometry) by extension 'colcon_meta'
[0.138s] Level 1:colcon.colcon_core.package_identification:_identify(src/rf2o_laser_odometry) by extensions ['ros']
[0.138s] Level 1:colcon.colcon_core.package_identification:_identify(src/rf2o_laser_odometry) by extension 'ros'
[0.138s] DEBUG:colcon.colcon_core.package_identification:Package 'src/rf2o_laser_odometry' with type 'ros.ament_cmake' and name 'rf2o_laser_odometry'
[0.138s] Level 1:colcon.colcon_core.package_identification:_identify(src/testing) by extensions ['ignore', 'ignore_ament_install']
[0.138s] Level 1:colcon.colcon_core.package_identification:_identify(src/testing) by extension 'ignore'
[0.138s] Level 1:colcon.colcon_core.package_identification:_identify(src/testing) by extension 'ignore_ament_install'
[0.138s] Level 1:colcon.colcon_core.package_identification:_identify(src/testing) by extensions ['colcon_pkg']
[0.138s] Level 1:colcon.colcon_core.package_identification:_identify(src/testing) by extension 'colcon_pkg'
[0.138s] Level 1:colcon.colcon_core.package_identification:_identify(src/testing) by extensions ['colcon_meta']
[0.138s] Level 1:colcon.colcon_core.package_identification:_identify(src/testing) by extension 'colcon_meta'
[0.138s] Level 1:colcon.colcon_core.package_identification:_identify(src/testing) by extensions ['ros']
[0.138s] Level 1:colcon.colcon_core.package_identification:_identify(src/testing) by extension 'ros'
[0.139s] DEBUG:colcon.colcon_core.package_identification:Package 'src/testing' with type 'ros.ament_python' and name 'testing'
[0.139s] Level 1:colcon.colcon_core.package_discovery:discover_packages(recursive) using defaults
[0.139s] Level 1:colcon.colcon_core.package_discovery:discover_packages(ignore) discover
[0.139s] Level 1:colcon.colcon_core.package_discovery:discover_packages(ignore) using defaults
[0.139s] Level 1:colcon.colcon_core.package_discovery:discover_packages(path) discover
[0.139s] Level 1:colcon.colcon_core.package_discovery:discover_packages(path) using defaults
[0.153s] INFO:colcon.colcon_core.package_selection:Skipping not selected package 'lsc_ros2_driver' in 'src/lsc_ros2_driver'
[0.153s] INFO:colcon.colcon_core.package_selection:Skipping not selected package 'rf2o_laser_odometry' in 'src/rf2o_laser_odometry'
[0.153s] Level 1:colcon.colcon_core.package_discovery:discover_packages(prefix_path) check parameters
[0.153s] Level 1:colcon.colcon_core.package_discovery:discover_packages(prefix_path) discover
[0.154s] DEBUG:colcon.colcon_installed_package_information.package_discovery:Found 3 installed packages in /home/chumbi/ros2_ws/install
[0.155s] DEBUG:colcon.colcon_installed_package_information.package_discovery:Found 439 installed packages in /opt/ros/jazzy
[0.157s] Level 1:colcon.colcon_core.package_discovery:discover_packages(prefix_path) using defaults
[0.192s] Level 5:colcon.colcon_core.verb:set package 'testing' build argument 'cmake_args' from command line to 'None'
[0.192s] Level 5:colcon.colcon_core.verb:set package 'testing' build argument 'cmake_target' from command line to 'None'
[0.192s] Level 5:colcon.colcon_core.verb:set package 'testing' build argument 'cmake_target_skip_unavailable' from command line to 'False'
[0.192s] Level 5:colcon.colcon_core.verb:set package 'testing' build argument 'cmake_clean_cache' from command line to 'False'
[0.192s] Level 5:colcon.colcon_core.verb:set package 'testing' build argument 'cmake_clean_first' from command line to 'False'
[0.192s] Level 5:colcon.colcon_core.verb:set package 'testing' build argument 'cmake_force_configure' from command line to 'False'
[0.192s] Level 5:colcon.colcon_core.verb:set package 'testing' build argument 'ament_cmake_args' from command line to 'None'
[0.192s] Level 5:colcon.colcon_core.verb:set package 'testing' build argument 'catkin_cmake_args' from command line to 'None'
[0.192s] Level 5:colcon.colcon_core.verb:set package 'testing' build argument 'catkin_skip_building_tests' from command line to 'False'
[0.192s] DEBUG:colcon.colcon_core.verb:Building package 'testing' with the following arguments: {'ament_cmake_args': None, 'build_base': '/home/chumbi/ros2_ws/build/testing', 'catkin_cmake_args': None, 'catkin_skip_building_tests': False, 'cmake_args': None, 'cmake_clean_cache': False, 'cmake_clean_first': False, 'cmake_force_configure': False, 'cmake_target': None, 'cmake_target_skip_unavailable': False, 'install_base': '/home/chumbi/ros2_ws/install/testing', 'merge_install': False, 'path': '/home/chumbi/ros2_ws/src/testing', 'symlink_install': True, 'test_result_base': None}
[0.192s] INFO:colcon.colcon_core.executor:Executing jobs using 'parallel' executor
[0.193s] DEBUG:colcon.colcon_parallel_executor.executor.parallel:run_until_complete
[0.193s] INFO:colcon.colcon_ros.task.ament_python.build:Building ROS package in '/home/chumbi/ros2_ws/src/testing' with build type 'ament_python'
[0.193s] Level 1:colcon.colcon_core.shell:create_environment_hook('testing', 'ament_prefix_path')
[0.194s] INFO:colcon.colcon_core.plugin_system:Skipping extension 'colcon_core.shell.bat': Not used on non-Windows systems
[0.195s] INFO:colcon.colcon_core.shell:Creating environment hook '/home/chumbi/ros2_ws/install/testing/share/testing/hook/ament_prefix_path.ps1'
[0.195s] INFO:colcon.colcon_core.shell:Creating environment descriptor '/home/chumbi/ros2_ws/install/testing/share/testing/hook/ament_prefix_path.dsv'
[0.195s] INFO:colcon.colcon_core.shell:Creating environment hook '/home/chumbi/ros2_ws/install/testing/share/testing/hook/ament_prefix_path.sh'
[0.196s] INFO:colcon.colcon_core.shell:Skip shell extension 'powershell' for command environment: Not usable outside of PowerShell
[0.196s] DEBUG:colcon.colcon_core.shell:Skip shell extension 'dsv' for command environment
[0.368s] INFO:colcon.colcon_core.task.python.build:Building Python package in '/home/chumbi/ros2_ws/src/testing'
[0.368s] INFO:colcon.colcon_core.shell:Skip shell extension 'powershell' for command environment: Not usable outside of PowerShell
[0.368s] DEBUG:colcon.colcon_core.shell:Skip shell extension 'dsv' for command environment
[0.817s] DEBUG:colcon.colcon_core.task.python.build:While undoing a previous installation files outside the Python library path are being ignored: /home/chumbi/ros2_ws/install/testing/share/ament_index/resource_index/packages/testing
[0.817s] DEBUG:colcon.colcon_core.task.python.build:While undoing a previous installation files outside the Python library path are being ignored: /home/chumbi/ros2_ws/install/testing/share/testing/package.xml
[0.817s] DEBUG:colcon.colcon_core.task.python.build:While undoing a previous installation files outside the Python library path are being ignored: /home/chumbi/ros2_ws/install/testing/share/testing/launch/oak_d_s2.launch.py
[0.818s] DEBUG:colcon.colcon_core.task.python.build:While undoing a previous installation files outside the Python library path are being ignored: /home/chumbi/ros2_ws/install/testing/share/testing/launch/rtabmap_oak.launch.py
[0.818s] DEBUG:colcon.colcon_core.task.python.build:While undoing a previous installation files outside the Python library path are being ignored: /home/chumbi/ros2_ws/install/testing/share/testing/launch/lsc_slam_mapping.launch.py
[0.818s] DEBUG:colcon.colcon_core.task.python.build:While undoing a previous installation files outside the Python library path are being ignored: /home/chumbi/ros2_ws/install/testing/share/testing/launch/robot_chassis_tf_launch.py
[0.818s] DEBUG:colcon.colcon_core.task.python.build:While undoing a previous installation files outside the Python library path are being ignored: /home/chumbi/ros2_ws/install/testing/share/testing/launch/robot_with_lidar_launch.py
[0.818s] DEBUG:colcon.colcon_core.task.python.build:While undoing a previous installation files outside the Python library path are being ignored: /home/chumbi/ros2_ws/install/testing/share/testing/config/lidar_2d.lua
[0.818s] DEBUG:colcon.colcon_core.task.python.build:While undoing a previous installation files outside the Python library path are being ignored: /home/chumbi/ros2_ws/install/testing/share/testing/config/map_builder.lua
[0.818s] DEBUG:colcon.colcon_core.task.python.build:While undoing a previous installation files outside the Python library path are being ignored: /home/chumbi/ros2_ws/install/testing/share/testing/config/slam_toolbox.yaml
[0.818s] DEBUG:colcon.colcon_core.task.python.build:While undoing a previous installation files outside the Python library path are being ignored: /home/chumbi/ros2_ws/install/testing/share/testing/config/rf2o_config.yaml
[0.818s] DEBUG:colcon.colcon_core.task.python.build:While undoing a previous installation files outside the Python library path are being ignored: /home/chumbi/ros2_ws/install/testing/share/testing/config/tf_launch.xml
[0.818s] DEBUG:colcon.colcon_core.task.python.build:While undoing a previous installation files outside the Python library path are being ignored: /home/chumbi/ros2_ws/install/testing/share/testing/urdf/robot_chassis.urdf
[0.818s] DEBUG:colcon.colcon_core.task.python.build:While undoing a previous installation files outside the Python library path are being ignored: /home/chumbi/ros2_ws/install/testing/share/testing/urdf/robot_with_lsc_lidar.urdf.xacro
[0.818s] DEBUG:colcon.colcon_core.task.python.build:While undoing a previous installation files outside the Python library path are being ignored: /home/chumbi/ros2_ws/install/testing/share/testing/rviz/slam_config.rviz
[0.818s] DEBUG:colcon.colcon_core.task.python.build:While undoing a previous installation files outside the Python library path are being ignored: /home/chumbi/ros2_ws/install/testing/lib/testing/camara
[0.818s] DEBUG:colcon.colcon_core.task.python.build:While undoing a previous installation files outside the Python library path are being ignored: /home/chumbi/ros2_ws/install/testing/lib/testing/modelo
[0.818s] DEBUG:colcon.colcon_core.task.python.build:While undoing a previous installation files outside the Python library path are being ignored: /home/chumbi/ros2_ws/install/testing/lib/testing/oak_d_s2_depth_node
[0.818s] DEBUG:colcon.colcon_core.task.python.build:While undoing a previous installation files outside the Python library path are being ignored: /home/chumbi/ros2_ws/install/testing/lib/testing/test
[0.821s] DEBUG:colcon.colcon_core.event_handler.log_command:Invoking command in '/home/chumbi/ros2_ws/build/testing': DEBUGINFOD_URLS=https://debuginfod.ubuntu.com PYTHONPATH=/home/chumbi/ros2_ws/build/testing/prefix_override:/usr/lib/python3/dist-packages/colcon_core/task/python/colcon_distutils_commands:/home/chumbi/ros2_ws/install/testing/lib/python3.12/site-packages:${PYTHONPATH} /usr/bin/python3 -W ignore:setup.py install is deprecated -W ignore:easy_install command is deprecated setup.py develop --editable --build-directory /home/chumbi/ros2_ws/build/testing/build --no-deps symlink_data --force
[1.310s] Level 1:colcon.colcon_core.shell:create_environment_hook('testing', 'pythonpath_develop')
[1.311s] INFO:colcon.colcon_core.shell:Creating environment hook '/home/chumbi/ros2_ws/build/testing/share/testing/hook/pythonpath_develop.ps1'
[1.311s] DEBUG:colcon.colcon_core.event_handler.log_command:Invoked command in '/home/chumbi/ros2_ws/build/testing' returned '0': DEBUGINFOD_URLS=https://debuginfod.ubuntu.com PYTHONPATH=/home/chumbi/ros2_ws/build/testing/prefix_override:/usr/lib/python3/dist-packages/colcon_core/task/python/colcon_distutils_commands:/home/chumbi/ros2_ws/install/testing/lib/python3.12/site-packages:${PYTHONPATH} /usr/bin/python3 -W ignore:setup.py install is deprecated -W ignore:easy_install command is deprecated setup.py develop --editable --build-directory /home/chumbi/ros2_ws/build/testing/build --no-deps symlink_data --force
[1.311s] INFO:colcon.colcon_core.shell:Creating environment descriptor '/home/chumbi/ros2_ws/build/testing/share/testing/hook/pythonpath_develop.dsv'
[1.311s] INFO:colcon.colcon_core.shell:Creating environment hook '/home/chumbi/ros2_ws/build/testing/share/testing/hook/pythonpath_develop.sh'
[1.313s] Level 1:colcon.colcon_core.environment:checking '/home/chumbi/ros2_ws/install/testing' for CMake module files
[1.314s] Level 1:colcon.colcon_core.environment:checking '/home/chumbi/ros2_ws/install/testing' for CMake config files
[1.314s] Level 1:colcon.colcon_core.environment:checking '/home/chumbi/ros2_ws/install/testing/lib'
[1.314s] Level 1:colcon.colcon_core.environment:checking '/home/chumbi/ros2_ws/install/testing/bin'
[1.314s] Level 1:colcon.colcon_core.environment:checking '/home/chumbi/ros2_ws/install/testing/lib/pkgconfig/testing.pc'
[1.314s] Level 1:colcon.colcon_core.environment:checking '/home/chumbi/ros2_ws/install/testing/lib/python3.12/site-packages'
[1.315s] Level 1:colcon.colcon_core.shell:create_environment_hook('testing', 'pythonpath')
[1.315s] INFO:colcon.colcon_core.shell:Creating environment hook '/home/chumbi/ros2_ws/install/testing/share/testing/hook/pythonpath.ps1'
[1.315s] INFO:colcon.colcon_core.shell:Creating environment descriptor '/home/chumbi/ros2_ws/install/testing/share/testing/hook/pythonpath.dsv'
[1.315s] INFO:colcon.colcon_core.shell:Creating environment hook '/home/chumbi/ros2_ws/install/testing/share/testing/hook/pythonpath.sh'
[1.316s] Level 1:colcon.colcon_core.environment:checking '/home/chumbi/ros2_ws/install/testing/bin'
[1.316s] Level 1:colcon.colcon_core.environment:create_environment_scripts_only(testing)
[1.316s] INFO:colcon.colcon_core.shell:Creating package script '/home/chumbi/ros2_ws/install/testing/share/testing/package.ps1'
[1.316s] INFO:colcon.colcon_core.shell:Creating package descriptor '/home/chumbi/ros2_ws/install/testing/share/testing/package.dsv'
[1.317s] INFO:colcon.colcon_core.shell:Creating package script '/home/chumbi/ros2_ws/install/testing/share/testing/package.sh'
[1.317s] INFO:colcon.colcon_core.shell:Creating package script '/home/chumbi/ros2_ws/install/testing/share/testing/package.bash'
[1.318s] INFO:colcon.colcon_core.shell:Creating package script '/home/chumbi/ros2_ws/install/testing/share/testing/package.zsh'
[1.318s] Level 1:colcon.colcon_core.environment:create_file_with_runtime_dependencies(/home/chumbi/ros2_ws/install/testing/share/colcon-core/packages/testing)
[1.318s] DEBUG:colcon.colcon_parallel_executor.executor.parallel:closing loop
[1.318s] DEBUG:colcon.colcon_parallel_executor.executor.parallel:loop closed
[1.318s] DEBUG:colcon.colcon_parallel_executor.executor.parallel:run_until_complete finished with '0'
[1.318s] DEBUG:colcon.colcon_core.event_reactor:joining thread
[1.322s] INFO:colcon.colcon_core.plugin_system:Skipping extension 'colcon_notification.desktop_notification.terminal_notifier': Not used on non-Darwin systems
[1.322s] INFO:colcon.colcon_core.plugin_system:Skipping extension 'colcon_notification.desktop_notification.win32': Not used on non-Windows systems
[1.322s] INFO:colcon.colcon_notification.desktop_notification:Sending desktop notification using 'notify2'
[1.341s] DEBUG:colcon.colcon_core.event_reactor:joined thread
[1.342s] INFO:colcon.colcon_core.shell:Creating prefix script '/home/chumbi/ros2_ws/install/local_setup.ps1'
[1.342s] INFO:colcon.colcon_core.shell:Creating prefix util module '/home/chumbi/ros2_ws/install/_local_setup_util_ps1.py'
[1.343s] INFO:colcon.colcon_core.shell:Creating prefix chain script '/home/chumbi/ros2_ws/install/setup.ps1'
[1.344s] INFO:colcon.colcon_core.shell:Creating prefix script '/home/chumbi/ros2_ws/install/local_setup.sh'
[1.344s] INFO:colcon.colcon_core.shell:Creating prefix util module '/home/chumbi/ros2_ws/install/_local_setup_util_sh.py'
[1.345s] INFO:colcon.colcon_core.shell:Creating prefix chain script '/home/chumbi/ros2_ws/install/setup.sh'
[1.345s] INFO:colcon.colcon_core.shell:Creating prefix script '/home/chumbi/ros2_ws/install/local_setup.bash'
[1.346s] INFO:colcon.colcon_core.shell:Creating prefix chain script '/home/chumbi/ros2_ws/install/setup.bash'
[1.346s] INFO:colcon.colcon_core.shell:Creating prefix script '/home/chumbi/ros2_ws/install/local_setup.zsh'
[1.347s] INFO:colcon.colcon_core.shell:Creating prefix chain script '/home/chumbi/ros2_ws/install/setup.zsh'
