[0.303s] DEBUG:colcon:Command line arguments: ['/usr/bin/colcon', 'build', '--packages-select', 'testing']
[0.303s] DEBUG:colcon:Parsed command line arguments: Namespace(log_base=None, log_level=None, verb_name='build', build_base='build', install_base='install', merge_install=False, symlink_install=False, test_result_base=None, continue_on_error=False, executor='parallel', parallel_workers=12, event_handlers=None, ignore_user_meta=False, metas=['./colcon.meta'], base_paths=['.'], packages_ignore=None, packages_ignore_regex=None, paths=None, packages_up_to=None, packages_up_to_regex=None, packages_above=None, packages_above_and_dependencies=None, packages_above_depth=None, packages_select_by_dep=None, packages_skip_by_dep=None, packages_skip_up_to=None, packages_select_build_failed=False, packages_skip_build_finished=False, packages_select_test_failures=False, packages_skip_test_passed=False, packages_select=['testing'], packages_skip=None, packages_select_regex=None, packages_skip_regex=None, packages_start=None, packages_end=None, allow_overriding=[], cmake_args=None, cmake_target=None, cmake_target_skip_unavailable=False, cmake_clean_cache=False, cmake_clean_first=False, cmake_force_configure=False, ament_cmake_args=None, catkin_cmake_args=None, catkin_skip_building_tests=False, mixin_files=None, mixin=None, verb_parser=<colcon_mixin.mixin.mixin_argument.MixinArgumentDecorator object at 0x7f3a3beab2f0>, verb_extension=<colcon_core.verb.build.BuildVerb object at 0x7f3a3beab050>, main=<bound method BuildVerb.main of <colcon_core.verb.build.BuildVerb object at 0x7f3a3beab050>>, mixin_verb=('build',))
[0.404s] Level 1:colcon.colcon_core.package_discovery:discover_packages(colcon_meta) check parameters
[0.405s] Level 1:colcon.colcon_core.package_discovery:discover_packages(recursive) check parameters
[0.405s] Level 1:colcon.colcon_core.package_discovery:discover_packages(ignore) check parameters
[0.405s] Level 1:colcon.colcon_core.package_discovery:discover_packages(path) check parameters
[0.405s] Level 1:colcon.colcon_core.package_discovery:discover_packages(colcon_meta) discover
[0.405s] Level 1:colcon.colcon_core.package_discovery:discover_packages(recursive) discover
[0.405s] INFO:colcon.colcon_core.package_discovery:Crawling recursively for packages in '/home/chumbi/ros2_ws'
[0.405s] Level 1:colcon.colcon_core.package_identification:_identify(.) by extensions ['ignore', 'ignore_ament_install']
[0.405s] Level 1:colcon.colcon_core.package_identification:_identify(.) by extension 'ignore'
[0.406s] Level 1:colcon.colcon_core.package_identification:_identify(.) by extension 'ignore_ament_install'
[0.406s] Level 1:colcon.colcon_core.package_identification:_identify(.) by extensions ['colcon_pkg']
[0.406s] Level 1:colcon.colcon_core.package_identification:_identify(.) by extension 'colcon_pkg'
[0.406s] Level 1:colcon.colcon_core.package_identification:_identify(.) by extensions ['colcon_meta']
[0.406s] Level 1:colcon.colcon_core.package_identification:_identify(.) by extension 'colcon_meta'
[0.406s] Level 1:colcon.colcon_core.package_identification:_identify(.) by extensions ['ros']
[0.406s] Level 1:colcon.colcon_core.package_identification:_identify(.) by extension 'ros'
[0.478s] Level 1:colcon.colcon_core.package_identification:_identify(.) by extensions ['cmake', 'python']
[0.478s] Level 1:colcon.colcon_core.package_identification:_identify(.) by extension 'cmake'
[0.478s] Level 1:colcon.colcon_core.package_identification:_identify(.) by extension 'python'
[0.478s] Level 1:colcon.colcon_core.package_identification:_identify(.) by extensions ['python_setup_py']
[0.478s] Level 1:colcon.colcon_core.package_identification:_identify(.) by extension 'python_setup_py'
[0.479s] Level 1:colcon.colcon_core.package_identification:_identify(build) by extensions ['ignore', 'ignore_ament_install']
[0.479s] Level 1:colcon.colcon_core.package_identification:_identify(build) by extension 'ignore'
[0.479s] Level 1:colcon.colcon_core.package_identification:_identify(build) ignored
[0.479s] Level 1:colcon.colcon_core.package_identification:_identify(install) by extensions ['ignore', 'ignore_ament_install']
[0.480s] Level 1:colcon.colcon_core.package_identification:_identify(install) by extension 'ignore'
[0.480s] Level 1:colcon.colcon_core.package_identification:_identify(install) ignored
[0.480s] Level 1:colcon.colcon_core.package_identification:_identify(log) by extensions ['ignore', 'ignore_ament_install']
[0.480s] Level 1:colcon.colcon_core.package_identification:_identify(log) by extension 'ignore'
[0.480s] Level 1:colcon.colcon_core.package_identification:_identify(log) ignored
[0.481s] Level 1:colcon.colcon_core.package_identification:_identify(src) by extensions ['ignore', 'ignore_ament_install']
[0.481s] Level 1:colcon.colcon_core.package_identification:_identify(src) by extension 'ignore'
[0.481s] Level 1:colcon.colcon_core.package_identification:_identify(src) by extension 'ignore_ament_install'
[0.481s] Level 1:colcon.colcon_core.package_identification:_identify(src) by extensions ['colcon_pkg']
[0.481s] Level 1:colcon.colcon_core.package_identification:_identify(src) by extension 'colcon_pkg'
[0.481s] Level 1:colcon.colcon_core.package_identification:_identify(src) by extensions ['colcon_meta']
[0.481s] Level 1:colcon.colcon_core.package_identification:_identify(src) by extension 'colcon_meta'
[0.481s] Level 1:colcon.colcon_core.package_identification:_identify(src) by extensions ['ros']
[0.481s] Level 1:colcon.colcon_core.package_identification:_identify(src) by extension 'ros'
[0.481s] Level 1:colcon.colcon_core.package_identification:_identify(src) by extensions ['cmake', 'python']
[0.481s] Level 1:colcon.colcon_core.package_identification:_identify(src) by extension 'cmake'
[0.481s] Level 1:colcon.colcon_core.package_identification:_identify(src) by extension 'python'
[0.482s] Level 1:colcon.colcon_core.package_identification:_identify(src) by extensions ['python_setup_py']
[0.482s] Level 1:colcon.colcon_core.package_identification:_identify(src) by extension 'python_setup_py'
[0.482s] Level 1:colcon.colcon_core.package_identification:_identify(src/lsc_ros2_driver) by extensions ['ignore', 'ignore_ament_install']
[0.482s] Level 1:colcon.colcon_core.package_identification:_identify(src/lsc_ros2_driver) by extension 'ignore'
[0.482s] Level 1:colcon.colcon_core.package_identification:_identify(src/lsc_ros2_driver) by extension 'ignore_ament_install'
[0.482s] Level 1:colcon.colcon_core.package_identification:_identify(src/lsc_ros2_driver) by extensions ['colcon_pkg']
[0.482s] Level 1:colcon.colcon_core.package_identification:_identify(src/lsc_ros2_driver) by extension 'colcon_pkg'
[0.482s] Level 1:colcon.colcon_core.package_identification:_identify(src/lsc_ros2_driver) by extensions ['colcon_meta']
[0.482s] Level 1:colcon.colcon_core.package_identification:_identify(src/lsc_ros2_driver) by extension 'colcon_meta'
[0.482s] Level 1:colcon.colcon_core.package_identification:_identify(src/lsc_ros2_driver) by extensions ['ros']
[0.482s] Level 1:colcon.colcon_core.package_identification:_identify(src/lsc_ros2_driver) by extension 'ros'
[0.490s] DEBUG:colcon.colcon_core.package_identification:Package 'src/lsc_ros2_driver' with type 'ros.ament_cmake' and name 'lsc_ros2_driver'
[0.490s] Level 1:colcon.colcon_core.package_identification:_identify(src/testing) by extensions ['ignore', 'ignore_ament_install']
[0.490s] Level 1:colcon.colcon_core.package_identification:_identify(src/testing) by extension 'ignore'
[0.491s] Level 1:colcon.colcon_core.package_identification:_identify(src/testing) by extension 'ignore_ament_install'
[0.491s] Level 1:colcon.colcon_core.package_identification:_identify(src/testing) by extensions ['colcon_pkg']
[0.491s] Level 1:colcon.colcon_core.package_identification:_identify(src/testing) by extension 'colcon_pkg'
[0.491s] Level 1:colcon.colcon_core.package_identification:_identify(src/testing) by extensions ['colcon_meta']
[0.491s] Level 1:colcon.colcon_core.package_identification:_identify(src/testing) by extension 'colcon_meta'
[0.491s] Level 1:colcon.colcon_core.package_identification:_identify(src/testing) by extensions ['ros']
[0.491s] Level 1:colcon.colcon_core.package_identification:_identify(src/testing) by extension 'ros'
[0.494s] DEBUG:colcon.colcon_core.package_identification:Package 'src/testing' with type 'ros.ament_python' and name 'testing'
[0.494s] Level 1:colcon.colcon_core.package_discovery:discover_packages(recursive) using defaults
[0.494s] Level 1:colcon.colcon_core.package_discovery:discover_packages(ignore) discover
[0.494s] Level 1:colcon.colcon_core.package_discovery:discover_packages(ignore) using defaults
[0.494s] Level 1:colcon.colcon_core.package_discovery:discover_packages(path) discover
[0.494s] Level 1:colcon.colcon_core.package_discovery:discover_packages(path) using defaults
[0.536s] INFO:colcon.colcon_core.package_selection:Skipping not selected package 'lsc_ros2_driver' in 'src/lsc_ros2_driver'
[0.537s] Level 1:colcon.colcon_core.package_discovery:discover_packages(prefix_path) check parameters
[0.537s] Level 1:colcon.colcon_core.package_discovery:discover_packages(prefix_path) discover
[0.545s] DEBUG:colcon.colcon_installed_package_information.package_discovery:Found 439 installed packages in /opt/ros/jazzy
[0.549s] Level 1:colcon.colcon_core.package_discovery:discover_packages(prefix_path) using defaults
[0.659s] Level 5:colcon.colcon_core.verb:set package 'testing' build argument 'cmake_args' from command line to 'None'
[0.660s] Level 5:colcon.colcon_core.verb:set package 'testing' build argument 'cmake_target' from command line to 'None'
[0.660s] Level 5:colcon.colcon_core.verb:set package 'testing' build argument 'cmake_target_skip_unavailable' from command line to 'False'
[0.660s] Level 5:colcon.colcon_core.verb:set package 'testing' build argument 'cmake_clean_cache' from command line to 'False'
[0.660s] Level 5:colcon.colcon_core.verb:set package 'testing' build argument 'cmake_clean_first' from command line to 'False'
[0.660s] Level 5:colcon.colcon_core.verb:set package 'testing' build argument 'cmake_force_configure' from command line to 'False'
[0.660s] Level 5:colcon.colcon_core.verb:set package 'testing' build argument 'ament_cmake_args' from command line to 'None'
[0.660s] Level 5:colcon.colcon_core.verb:set package 'testing' build argument 'catkin_cmake_args' from command line to 'None'
[0.660s] Level 5:colcon.colcon_core.verb:set package 'testing' build argument 'catkin_skip_building_tests' from command line to 'False'
[0.660s] DEBUG:colcon.colcon_core.verb:Building package 'testing' with the following arguments: {'ament_cmake_args': None, 'build_base': '/home/chumbi/ros2_ws/build/testing', 'catkin_cmake_args': None, 'catkin_skip_building_tests': False, 'cmake_args': None, 'cmake_clean_cache': False, 'cmake_clean_first': False, 'cmake_force_configure': False, 'cmake_target': None, 'cmake_target_skip_unavailable': False, 'install_base': '/home/chumbi/ros2_ws/install/testing', 'merge_install': False, 'path': '/home/chumbi/ros2_ws/src/testing', 'symlink_install': False, 'test_result_base': None}
[0.660s] INFO:colcon.colcon_core.executor:Executing jobs using 'parallel' executor
[0.663s] DEBUG:colcon.colcon_parallel_executor.executor.parallel:run_until_complete
[0.664s] INFO:colcon.colcon_ros.task.ament_python.build:Building ROS package in '/home/chumbi/ros2_ws/src/testing' with build type 'ament_python'
[0.664s] Level 1:colcon.colcon_core.shell:create_environment_hook('testing', 'ament_prefix_path')
[0.669s] INFO:colcon.colcon_core.plugin_system:Skipping extension 'colcon_core.shell.bat': Not used on non-Windows systems
[0.670s] INFO:colcon.colcon_core.shell:Creating environment hook '/home/chumbi/ros2_ws/install/testing/share/testing/hook/ament_prefix_path.ps1'
[0.671s] INFO:colcon.colcon_core.shell:Creating environment descriptor '/home/chumbi/ros2_ws/install/testing/share/testing/hook/ament_prefix_path.dsv'
[0.672s] INFO:colcon.colcon_core.shell:Creating environment hook '/home/chumbi/ros2_ws/install/testing/share/testing/hook/ament_prefix_path.sh'
[0.673s] INFO:colcon.colcon_core.shell:Skip shell extension 'powershell' for command environment: Not usable outside of PowerShell
[0.673s] DEBUG:colcon.colcon_core.shell:Skip shell extension 'dsv' for command environment
[1.245s] INFO:colcon.colcon_core.task.python.build:Building Python package in '/home/chumbi/ros2_ws/src/testing'
[1.246s] INFO:colcon.colcon_core.shell:Skip shell extension 'powershell' for command environment: Not usable outside of PowerShell
[1.246s] DEBUG:colcon.colcon_core.shell:Skip shell extension 'dsv' for command environment
[2.596s] DEBUG:colcon.colcon_core.event_handler.log_command:Invoking command in '/home/chumbi/ros2_ws/src/testing': DEBUGINFOD_URLS=https://debuginfod.ubuntu.com PYTHONPATH=/home/chumbi/ros2_ws/build/testing/prefix_override:/usr/lib/python3/dist-packages/colcon_core/task/python/colcon_distutils_commands:/home/chumbi/ros2_ws/install/testing/lib/python3.12/site-packages:${PYTHONPATH} /usr/bin/python3 -W ignore:setup.py install is deprecated -W ignore:easy_install command is deprecated setup.py egg_info --egg-base ../../build/testing build --build-base /home/chumbi/ros2_ws/build/testing/build install --record /home/chumbi/ros2_ws/build/testing/install.log --single-version-externally-managed install_data
[4.061s] DEBUG:colcon.colcon_core.event_handler.log_command:Invoked command in '/home/chumbi/ros2_ws/src/testing' returned '0': DEBUGINFOD_URLS=https://debuginfod.ubuntu.com PYTHONPATH=/home/chumbi/ros2_ws/build/testing/prefix_override:/usr/lib/python3/dist-packages/colcon_core/task/python/colcon_distutils_commands:/home/chumbi/ros2_ws/install/testing/lib/python3.12/site-packages:${PYTHONPATH} /usr/bin/python3 -W ignore:setup.py install is deprecated -W ignore:easy_install command is deprecated setup.py egg_info --egg-base ../../build/testing build --build-base /home/chumbi/ros2_ws/build/testing/build install --record /home/chumbi/ros2_ws/build/testing/install.log --single-version-externally-managed install_data
[4.067s] Level 1:colcon.colcon_core.environment:checking '/home/chumbi/ros2_ws/install/testing' for CMake module files
[4.068s] Level 1:colcon.colcon_core.environment:checking '/home/chumbi/ros2_ws/install/testing' for CMake config files
[4.070s] Level 1:colcon.colcon_core.environment:checking '/home/chumbi/ros2_ws/install/testing/lib'
[4.070s] Level 1:colcon.colcon_core.environment:checking '/home/chumbi/ros2_ws/install/testing/bin'
[4.071s] Level 1:colcon.colcon_core.environment:checking '/home/chumbi/ros2_ws/install/testing/lib/pkgconfig/testing.pc'
[4.071s] Level 1:colcon.colcon_core.environment:checking '/home/chumbi/ros2_ws/install/testing/lib/python3.12/site-packages'
[4.071s] Level 1:colcon.colcon_core.shell:create_environment_hook('testing', 'pythonpath')
[4.072s] INFO:colcon.colcon_core.shell:Creating environment hook '/home/chumbi/ros2_ws/install/testing/share/testing/hook/pythonpath.ps1'
[4.073s] INFO:colcon.colcon_core.shell:Creating environment descriptor '/home/chumbi/ros2_ws/install/testing/share/testing/hook/pythonpath.dsv'
[4.074s] INFO:colcon.colcon_core.shell:Creating environment hook '/home/chumbi/ros2_ws/install/testing/share/testing/hook/pythonpath.sh'
[4.077s] Level 1:colcon.colcon_core.environment:checking '/home/chumbi/ros2_ws/install/testing/bin'
[4.077s] Level 1:colcon.colcon_core.environment:create_environment_scripts_only(testing)
[4.078s] INFO:colcon.colcon_core.shell:Creating package script '/home/chumbi/ros2_ws/install/testing/share/testing/package.ps1'
[4.080s] INFO:colcon.colcon_core.shell:Creating package descriptor '/home/chumbi/ros2_ws/install/testing/share/testing/package.dsv'
[4.082s] INFO:colcon.colcon_core.shell:Creating package script '/home/chumbi/ros2_ws/install/testing/share/testing/package.sh'
[4.083s] INFO:colcon.colcon_core.shell:Creating package script '/home/chumbi/ros2_ws/install/testing/share/testing/package.bash'
[4.085s] INFO:colcon.colcon_core.shell:Creating package script '/home/chumbi/ros2_ws/install/testing/share/testing/package.zsh'
[4.087s] Level 1:colcon.colcon_core.environment:create_file_with_runtime_dependencies(/home/chumbi/ros2_ws/install/testing/share/colcon-core/packages/testing)
[4.088s] DEBUG:colcon.colcon_parallel_executor.executor.parallel:closing loop
[4.089s] DEBUG:colcon.colcon_parallel_executor.executor.parallel:loop closed
[4.090s] DEBUG:colcon.colcon_parallel_executor.executor.parallel:run_until_complete finished with '0'
[4.090s] DEBUG:colcon.colcon_core.event_reactor:joining thread
[4.107s] INFO:colcon.colcon_core.plugin_system:Skipping extension 'colcon_notification.desktop_notification.terminal_notifier': Not used on non-Darwin systems
[4.107s] INFO:colcon.colcon_core.plugin_system:Skipping extension 'colcon_notification.desktop_notification.win32': Not used on non-Windows systems
[4.107s] INFO:colcon.colcon_notification.desktop_notification:Sending desktop notification using 'notify2'
[4.147s] DEBUG:colcon.colcon_core.event_reactor:joined thread
[4.148s] INFO:colcon.colcon_core.shell:Creating prefix script '/home/chumbi/ros2_ws/install/local_setup.ps1'
[4.151s] INFO:colcon.colcon_core.shell:Creating prefix util module '/home/chumbi/ros2_ws/install/_local_setup_util_ps1.py'
[4.153s] INFO:colcon.colcon_core.shell:Creating prefix chain script '/home/chumbi/ros2_ws/install/setup.ps1'
[4.156s] INFO:colcon.colcon_core.shell:Creating prefix script '/home/chumbi/ros2_ws/install/local_setup.sh'
[4.157s] INFO:colcon.colcon_core.shell:Creating prefix util module '/home/chumbi/ros2_ws/install/_local_setup_util_sh.py'
[4.158s] INFO:colcon.colcon_core.shell:Creating prefix chain script '/home/chumbi/ros2_ws/install/setup.sh'
[4.160s] INFO:colcon.colcon_core.shell:Creating prefix script '/home/chumbi/ros2_ws/install/local_setup.bash'
[4.162s] INFO:colcon.colcon_core.shell:Creating prefix chain script '/home/chumbi/ros2_ws/install/setup.bash'
[4.164s] INFO:colcon.colcon_core.shell:Creating prefix script '/home/chumbi/ros2_ws/install/local_setup.zsh'
[4.165s] INFO:colcon.colcon_core.shell:Creating prefix chain script '/home/chumbi/ros2_ws/install/setup.zsh'
