[0.080s] DEBUG:colcon:Command line arguments: ['/usr/bin/colcon', 'build']
[0.080s] DEBUG:colcon:Parsed command line arguments: Namespace(log_base=None, log_level=None, verb_name='build', build_base='build', install_base='install', merge_install=False, symlink_install=False, test_result_base=None, continue_on_error=False, executor='parallel', parallel_workers=12, event_handlers=None, ignore_user_meta=False, metas=['./colcon.meta'], base_paths=['.'], packages_ignore=None, packages_ignore_regex=None, paths=None, packages_up_to=None, packages_up_to_regex=None, packages_above=None, packages_above_and_dependencies=None, packages_above_depth=None, packages_select_by_dep=None, packages_skip_by_dep=None, packages_skip_up_to=None, packages_select_build_failed=False, packages_skip_build_finished=False, packages_select_test_failures=False, packages_skip_test_passed=False, packages_select=None, packages_skip=None, packages_select_regex=None, packages_skip_regex=None, packages_start=None, packages_end=None, allow_overriding=[], cmake_args=None, cmake_target=None, cmake_target_skip_unavailable=False, cmake_clean_cache=False, cmake_clean_first=False, cmake_force_configure=False, ament_cmake_args=None, catkin_cmake_args=None, catkin_skip_building_tests=False, mixin_files=None, mixin=None, verb_parser=<colcon_mixin.mixin.mixin_argument.MixinArgumentDecorator object at 0x78b7e73af050>, verb_extension=<colcon_core.verb.build.BuildVerb object at 0x78b7e73aeae0>, main=<bound method BuildVerb.main of <colcon_core.verb.build.BuildVerb object at 0x78b7e73aeae0>>, mixin_verb=('build',))
[0.106s] Level 1:colcon.colcon_core.package_discovery:discover_packages(colcon_meta) check parameters
[0.107s] Level 1:colcon.colcon_core.package_discovery:discover_packages(recursive) check parameters
[0.107s] Level 1:colcon.colcon_core.package_discovery:discover_packages(ignore) check parameters
[0.107s] Level 1:colcon.colcon_core.package_discovery:discover_packages(path) check parameters
[0.107s] Level 1:colcon.colcon_core.package_discovery:discover_packages(colcon_meta) discover
[0.107s] Level 1:colcon.colcon_core.package_discovery:discover_packages(recursive) discover
[0.107s] INFO:colcon.colcon_core.package_discovery:Crawling recursively for packages in '/home/chumbi/ros2_ws'
[0.107s] Level 1:colcon.colcon_core.package_identification:_identify(.) by extensions ['ignore', 'ignore_ament_install']
[0.107s] Level 1:colcon.colcon_core.package_identification:_identify(.) by extension 'ignore'
[0.107s] Level 1:colcon.colcon_core.package_identification:_identify(.) by extension 'ignore_ament_install'
[0.107s] Level 1:colcon.colcon_core.package_identification:_identify(.) by extensions ['colcon_pkg']
[0.107s] Level 1:colcon.colcon_core.package_identification:_identify(.) by extension 'colcon_pkg'
[0.107s] Level 1:colcon.colcon_core.package_identification:_identify(.) by extensions ['colcon_meta']
[0.107s] Level 1:colcon.colcon_core.package_identification:_identify(.) by extension 'colcon_meta'
[0.107s] Level 1:colcon.colcon_core.package_identification:_identify(.) by extensions ['ros']
[0.107s] Level 1:colcon.colcon_core.package_identification:_identify(.) by extension 'ros'
[0.126s] Level 1:colcon.colcon_core.package_identification:_identify(.) by extensions ['cmake', 'python']
[0.126s] Level 1:colcon.colcon_core.package_identification:_identify(.) by extension 'cmake'
[0.126s] Level 1:colcon.colcon_core.package_identification:_identify(.) by extension 'python'
[0.126s] Level 1:colcon.colcon_core.package_identification:_identify(.) by extensions ['python_setup_py']
[0.126s] Level 1:colcon.colcon_core.package_identification:_identify(.) by extension 'python_setup_py'
[0.126s] Level 1:colcon.colcon_core.package_identification:_identify(build) by extensions ['ignore', 'ignore_ament_install']
[0.126s] Level 1:colcon.colcon_core.package_identification:_identify(build) by extension 'ignore'
[0.126s] Level 1:colcon.colcon_core.package_identification:_identify(build) ignored
[0.126s] Level 1:colcon.colcon_core.package_identification:_identify(install) by extensions ['ignore', 'ignore_ament_install']
[0.126s] Level 1:colcon.colcon_core.package_identification:_identify(install) by extension 'ignore'
[0.126s] Level 1:colcon.colcon_core.package_identification:_identify(install) ignored
[0.126s] Level 1:colcon.colcon_core.package_identification:_identify(log) by extensions ['ignore', 'ignore_ament_install']
[0.126s] Level 1:colcon.colcon_core.package_identification:_identify(log) by extension 'ignore'
[0.126s] Level 1:colcon.colcon_core.package_identification:_identify(log) ignored
[0.126s] Level 1:colcon.colcon_core.package_identification:_identify(src) by extensions ['ignore', 'ignore_ament_install']
[0.126s] Level 1:colcon.colcon_core.package_identification:_identify(src) by extension 'ignore'
[0.126s] Level 1:colcon.colcon_core.package_identification:_identify(src) by extension 'ignore_ament_install'
[0.126s] Level 1:colcon.colcon_core.package_identification:_identify(src) by extensions ['colcon_pkg']
[0.126s] Level 1:colcon.colcon_core.package_identification:_identify(src) by extension 'colcon_pkg'
[0.126s] Level 1:colcon.colcon_core.package_identification:_identify(src) by extensions ['colcon_meta']
[0.126s] Level 1:colcon.colcon_core.package_identification:_identify(src) by extension 'colcon_meta'
[0.126s] Level 1:colcon.colcon_core.package_identification:_identify(src) by extensions ['ros']
[0.126s] Level 1:colcon.colcon_core.package_identification:_identify(src) by extension 'ros'
[0.127s] Level 1:colcon.colcon_core.package_identification:_identify(src) by extensions ['cmake', 'python']
[0.127s] Level 1:colcon.colcon_core.package_identification:_identify(src) by extension 'cmake'
[0.127s] Level 1:colcon.colcon_core.package_identification:_identify(src) by extension 'python'
[0.127s] Level 1:colcon.colcon_core.package_identification:_identify(src) by extensions ['python_setup_py']
[0.127s] Level 1:colcon.colcon_core.package_identification:_identify(src) by extension 'python_setup_py'
[0.127s] Level 1:colcon.colcon_core.package_identification:_identify(src/lsc_ros2_driver) by extensions ['ignore', 'ignore_ament_install']
[0.127s] Level 1:colcon.colcon_core.package_identification:_identify(src/lsc_ros2_driver) by extension 'ignore'
[0.127s] Level 1:colcon.colcon_core.package_identification:_identify(src/lsc_ros2_driver) by extension 'ignore_ament_install'
[0.127s] Level 1:colcon.colcon_core.package_identification:_identify(src/lsc_ros2_driver) by extensions ['colcon_pkg']
[0.127s] Level 1:colcon.colcon_core.package_identification:_identify(src/lsc_ros2_driver) by extension 'colcon_pkg'
[0.127s] Level 1:colcon.colcon_core.package_identification:_identify(src/lsc_ros2_driver) by extensions ['colcon_meta']
[0.127s] Level 1:colcon.colcon_core.package_identification:_identify(src/lsc_ros2_driver) by extension 'colcon_meta'
[0.127s] Level 1:colcon.colcon_core.package_identification:_identify(src/lsc_ros2_driver) by extensions ['ros']
[0.127s] Level 1:colcon.colcon_core.package_identification:_identify(src/lsc_ros2_driver) by extension 'ros'
[0.129s] DEBUG:colcon.colcon_core.package_identification:Package 'src/lsc_ros2_driver' with type 'ros.ament_cmake' and name 'lsc_ros2_driver'
[0.129s] Level 1:colcon.colcon_core.package_identification:_identify(src/rf2o_laser_odometry) by extensions ['ignore', 'ignore_ament_install']
[0.129s] Level 1:colcon.colcon_core.package_identification:_identify(src/rf2o_laser_odometry) by extension 'ignore'
[0.129s] Level 1:colcon.colcon_core.package_identification:_identify(src/rf2o_laser_odometry) by extension 'ignore_ament_install'
[0.129s] Level 1:colcon.colcon_core.package_identification:_identify(src/rf2o_laser_odometry) by extensions ['colcon_pkg']
[0.129s] Level 1:colcon.colcon_core.package_identification:_identify(src/rf2o_laser_odometry) by extension 'colcon_pkg'
[0.129s] Level 1:colcon.colcon_core.package_identification:_identify(src/rf2o_laser_odometry) by extensions ['colcon_meta']
[0.129s] Level 1:colcon.colcon_core.package_identification:_identify(src/rf2o_laser_odometry) by extension 'colcon_meta'
[0.129s] Level 1:colcon.colcon_core.package_identification:_identify(src/rf2o_laser_odometry) by extensions ['ros']
[0.129s] Level 1:colcon.colcon_core.package_identification:_identify(src/rf2o_laser_odometry) by extension 'ros'
[0.130s] DEBUG:colcon.colcon_core.package_identification:Package 'src/rf2o_laser_odometry' with type 'ros.ament_cmake' and name 'rf2o_laser_odometry'
[0.130s] Level 1:colcon.colcon_core.package_identification:_identify(src/testing) by extensions ['ignore', 'ignore_ament_install']
[0.130s] Level 1:colcon.colcon_core.package_identification:_identify(src/testing) by extension 'ignore'
[0.130s] Level 1:colcon.colcon_core.package_identification:_identify(src/testing) by extension 'ignore_ament_install'
[0.130s] Level 1:colcon.colcon_core.package_identification:_identify(src/testing) by extensions ['colcon_pkg']
[0.130s] Level 1:colcon.colcon_core.package_identification:_identify(src/testing) by extension 'colcon_pkg'
[0.130s] Level 1:colcon.colcon_core.package_identification:_identify(src/testing) by extensions ['colcon_meta']
[0.130s] Level 1:colcon.colcon_core.package_identification:_identify(src/testing) by extension 'colcon_meta'
[0.130s] Level 1:colcon.colcon_core.package_identification:_identify(src/testing) by extensions ['ros']
[0.130s] Level 1:colcon.colcon_core.package_identification:_identify(src/testing) by extension 'ros'
[0.130s] DEBUG:colcon.colcon_core.package_identification:Package 'src/testing' with type 'ros.ament_python' and name 'testing'
[0.130s] Level 1:colcon.colcon_core.package_discovery:discover_packages(recursive) using defaults
[0.130s] Level 1:colcon.colcon_core.package_discovery:discover_packages(ignore) discover
[0.130s] Level 1:colcon.colcon_core.package_discovery:discover_packages(ignore) using defaults
[0.130s] Level 1:colcon.colcon_core.package_discovery:discover_packages(path) discover
[0.130s] Level 1:colcon.colcon_core.package_discovery:discover_packages(path) using defaults
[0.143s] Level 1:colcon.colcon_core.package_discovery:discover_packages(prefix_path) check parameters
[0.143s] Level 1:colcon.colcon_core.package_discovery:discover_packages(prefix_path) discover
[0.144s] DEBUG:colcon.colcon_installed_package_information.package_discovery:Found 2 installed packages in /home/chumbi/ros2_ws/install
[0.146s] DEBUG:colcon.colcon_installed_package_information.package_discovery:Found 439 installed packages in /opt/ros/jazzy
[0.147s] Level 1:colcon.colcon_core.package_discovery:discover_packages(prefix_path) using defaults
[0.179s] Level 5:colcon.colcon_core.verb:set package 'lsc_ros2_driver' build argument 'cmake_args' from command line to 'None'
[0.179s] Level 5:colcon.colcon_core.verb:set package 'lsc_ros2_driver' build argument 'cmake_target' from command line to 'None'
[0.179s] Level 5:colcon.colcon_core.verb:set package 'lsc_ros2_driver' build argument 'cmake_target_skip_unavailable' from command line to 'False'
[0.179s] Level 5:colcon.colcon_core.verb:set package 'lsc_ros2_driver' build argument 'cmake_clean_cache' from command line to 'False'
[0.179s] Level 5:colcon.colcon_core.verb:set package 'lsc_ros2_driver' build argument 'cmake_clean_first' from command line to 'False'
[0.179s] Level 5:colcon.colcon_core.verb:set package 'lsc_ros2_driver' build argument 'cmake_force_configure' from command line to 'False'
[0.179s] Level 5:colcon.colcon_core.verb:set package 'lsc_ros2_driver' build argument 'ament_cmake_args' from command line to 'None'
[0.179s] Level 5:colcon.colcon_core.verb:set package 'lsc_ros2_driver' build argument 'catkin_cmake_args' from command line to 'None'
[0.179s] Level 5:colcon.colcon_core.verb:set package 'lsc_ros2_driver' build argument 'catkin_skip_building_tests' from command line to 'False'
[0.180s] DEBUG:colcon.colcon_core.verb:Building package 'lsc_ros2_driver' with the following arguments: {'ament_cmake_args': None, 'build_base': '/home/chumbi/ros2_ws/build/lsc_ros2_driver', 'catkin_cmake_args': None, 'catkin_skip_building_tests': False, 'cmake_args': None, 'cmake_clean_cache': False, 'cmake_clean_first': False, 'cmake_force_configure': False, 'cmake_target': None, 'cmake_target_skip_unavailable': False, 'install_base': '/home/chumbi/ros2_ws/install/lsc_ros2_driver', 'merge_install': False, 'path': '/home/chumbi/ros2_ws/src/lsc_ros2_driver', 'symlink_install': False, 'test_result_base': None}
[0.180s] Level 5:colcon.colcon_core.verb:set package 'rf2o_laser_odometry' build argument 'cmake_args' from command line to 'None'
[0.180s] Level 5:colcon.colcon_core.verb:set package 'rf2o_laser_odometry' build argument 'cmake_target' from command line to 'None'
[0.180s] Level 5:colcon.colcon_core.verb:set package 'rf2o_laser_odometry' build argument 'cmake_target_skip_unavailable' from command line to 'False'
[0.180s] Level 5:colcon.colcon_core.verb:set package 'rf2o_laser_odometry' build argument 'cmake_clean_cache' from command line to 'False'
[0.180s] Level 5:colcon.colcon_core.verb:set package 'rf2o_laser_odometry' build argument 'cmake_clean_first' from command line to 'False'
[0.180s] Level 5:colcon.colcon_core.verb:set package 'rf2o_laser_odometry' build argument 'cmake_force_configure' from command line to 'False'
[0.180s] Level 5:colcon.colcon_core.verb:set package 'rf2o_laser_odometry' build argument 'ament_cmake_args' from command line to 'None'
[0.180s] Level 5:colcon.colcon_core.verb:set package 'rf2o_laser_odometry' build argument 'catkin_cmake_args' from command line to 'None'
[0.180s] Level 5:colcon.colcon_core.verb:set package 'rf2o_laser_odometry' build argument 'catkin_skip_building_tests' from command line to 'False'
[0.180s] DEBUG:colcon.colcon_core.verb:Building package 'rf2o_laser_odometry' with the following arguments: {'ament_cmake_args': None, 'build_base': '/home/chumbi/ros2_ws/build/rf2o_laser_odometry', 'catkin_cmake_args': None, 'catkin_skip_building_tests': False, 'cmake_args': None, 'cmake_clean_cache': False, 'cmake_clean_first': False, 'cmake_force_configure': False, 'cmake_target': None, 'cmake_target_skip_unavailable': False, 'install_base': '/home/chumbi/ros2_ws/install/rf2o_laser_odometry', 'merge_install': False, 'path': '/home/chumbi/ros2_ws/src/rf2o_laser_odometry', 'symlink_install': False, 'test_result_base': None}
[0.180s] Level 5:colcon.colcon_core.verb:set package 'testing' build argument 'cmake_args' from command line to 'None'
[0.180s] Level 5:colcon.colcon_core.verb:set package 'testing' build argument 'cmake_target' from command line to 'None'
[0.180s] Level 5:colcon.colcon_core.verb:set package 'testing' build argument 'cmake_target_skip_unavailable' from command line to 'False'
[0.180s] Level 5:colcon.colcon_core.verb:set package 'testing' build argument 'cmake_clean_cache' from command line to 'False'
[0.180s] Level 5:colcon.colcon_core.verb:set package 'testing' build argument 'cmake_clean_first' from command line to 'False'
[0.180s] Level 5:colcon.colcon_core.verb:set package 'testing' build argument 'cmake_force_configure' from command line to 'False'
[0.180s] Level 5:colcon.colcon_core.verb:set package 'testing' build argument 'ament_cmake_args' from command line to 'None'
[0.180s] Level 5:colcon.colcon_core.verb:set package 'testing' build argument 'catkin_cmake_args' from command line to 'None'
[0.180s] Level 5:colcon.colcon_core.verb:set package 'testing' build argument 'catkin_skip_building_tests' from command line to 'False'
[0.180s] DEBUG:colcon.colcon_core.verb:Building package 'testing' with the following arguments: {'ament_cmake_args': None, 'build_base': '/home/chumbi/ros2_ws/build/testing', 'catkin_cmake_args': None, 'catkin_skip_building_tests': False, 'cmake_args': None, 'cmake_clean_cache': False, 'cmake_clean_first': False, 'cmake_force_configure': False, 'cmake_target': None, 'cmake_target_skip_unavailable': False, 'install_base': '/home/chumbi/ros2_ws/install/testing', 'merge_install': False, 'path': '/home/chumbi/ros2_ws/src/testing', 'symlink_install': False, 'test_result_base': None}
[0.180s] INFO:colcon.colcon_core.executor:Executing jobs using 'parallel' executor
[0.181s] DEBUG:colcon.colcon_parallel_executor.executor.parallel:run_until_complete
[0.181s] INFO:colcon.colcon_ros.task.ament_cmake.build:Building ROS package in '/home/chumbi/ros2_ws/src/lsc_ros2_driver' with build type 'ament_cmake'
[0.181s] INFO:colcon.colcon_cmake.task.cmake.build:Building CMake package in '/home/chumbi/ros2_ws/src/lsc_ros2_driver'
[0.182s] INFO:colcon.colcon_core.plugin_system:Skipping extension 'colcon_core.shell.bat': Not used on non-Windows systems
[0.183s] INFO:colcon.colcon_core.shell:Skip shell extension 'powershell' for command environment: Not usable outside of PowerShell
[0.183s] DEBUG:colcon.colcon_core.shell:Skip shell extension 'dsv' for command environment
[0.185s] INFO:colcon.colcon_ros.task.ament_cmake.build:Building ROS package in '/home/chumbi/ros2_ws/src/rf2o_laser_odometry' with build type 'ament_cmake'
[0.186s] INFO:colcon.colcon_cmake.task.cmake.build:Building CMake package in '/home/chumbi/ros2_ws/src/rf2o_laser_odometry'
[0.186s] INFO:colcon.colcon_core.shell:Skip shell extension 'powershell' for command environment: Not usable outside of PowerShell
[0.186s] DEBUG:colcon.colcon_core.shell:Skip shell extension 'dsv' for command environment
[0.188s] INFO:colcon.colcon_ros.task.ament_python.build:Building ROS package in '/home/chumbi/ros2_ws/src/testing' with build type 'ament_python'
[0.188s] Level 1:colcon.colcon_core.shell:create_environment_hook('testing', 'ament_prefix_path')
[0.189s] INFO:colcon.colcon_core.shell:Creating environment hook '/home/chumbi/ros2_ws/install/testing/share/testing/hook/ament_prefix_path.ps1'
[0.189s] INFO:colcon.colcon_core.shell:Creating environment descriptor '/home/chumbi/ros2_ws/install/testing/share/testing/hook/ament_prefix_path.dsv'
[0.189s] INFO:colcon.colcon_core.shell:Creating environment hook '/home/chumbi/ros2_ws/install/testing/share/testing/hook/ament_prefix_path.sh'
[0.190s] INFO:colcon.colcon_core.shell:Skip shell extension 'powershell' for command environment: Not usable outside of PowerShell
[0.190s] DEBUG:colcon.colcon_core.shell:Skip shell extension 'dsv' for command environment
[0.196s] DEBUG:colcon.colcon_core.event_handler.log_command:Invoking command in '/home/chumbi/ros2_ws/build/lsc_ros2_driver': CMAKE_PREFIX_PATH=${CMAKE_PREFIX_PATH}:/home/chumbi/ros2_ws/install/testing:/opt/ros/jazzy DEBUGINFOD_URLS=https://debuginfod.ubuntu.com /usr/bin/cmake --build /home/chumbi/ros2_ws/build/lsc_ros2_driver -- -j12 -l12
[0.198s] DEBUG:colcon.colcon_core.event_handler.log_command:Invoking command in '/home/chumbi/ros2_ws/build/rf2o_laser_odometry': CMAKE_PREFIX_PATH=${CMAKE_PREFIX_PATH}:/home/chumbi/ros2_ws/install/testing:/opt/ros/jazzy DEBUGINFOD_URLS=https://debuginfod.ubuntu.com /usr/bin/cmake /home/chumbi/ros2_ws/src/rf2o_laser_odometry -DCMAKE_INSTALL_PREFIX=/home/chumbi/ros2_ws/install/rf2o_laser_odometry
[0.360s] INFO:colcon.colcon_core.task.python.build:Building Python package in '/home/chumbi/ros2_ws/src/testing'
[0.360s] INFO:colcon.colcon_core.shell:Skip shell extension 'powershell' for command environment: Not usable outside of PowerShell
[0.360s] DEBUG:colcon.colcon_core.shell:Skip shell extension 'dsv' for command environment
[0.364s] DEBUG:colcon.colcon_core.event_handler.log_command:Invoked command in '/home/chumbi/ros2_ws/build/lsc_ros2_driver' returned '0': CMAKE_PREFIX_PATH=${CMAKE_PREFIX_PATH}:/home/chumbi/ros2_ws/install/testing:/opt/ros/jazzy DEBUGINFOD_URLS=https://debuginfod.ubuntu.com /usr/bin/cmake --build /home/chumbi/ros2_ws/build/lsc_ros2_driver -- -j12 -l12
[0.373s] DEBUG:colcon.colcon_core.event_handler.log_command:Invoking command in '/home/chumbi/ros2_ws/build/lsc_ros2_driver': CMAKE_PREFIX_PATH=${CMAKE_PREFIX_PATH}:/home/chumbi/ros2_ws/install/testing:/opt/ros/jazzy DEBUGINFOD_URLS=https://debuginfod.ubuntu.com /usr/bin/cmake --install /home/chumbi/ros2_ws/build/lsc_ros2_driver
[0.392s] Level 1:colcon.colcon_core.environment:create_environment_scripts_only(lsc_ros2_driver)
[0.394s] DEBUG:colcon.colcon_core.event_handler.log_command:Invoked command in '/home/chumbi/ros2_ws/build/lsc_ros2_driver' returned '0': CMAKE_PREFIX_PATH=${CMAKE_PREFIX_PATH}:/home/chumbi/ros2_ws/install/testing:/opt/ros/jazzy DEBUGINFOD_URLS=https://debuginfod.ubuntu.com /usr/bin/cmake --install /home/chumbi/ros2_ws/build/lsc_ros2_driver
[0.398s] Level 1:colcon.colcon_core.environment:checking '/home/chumbi/ros2_ws/install/lsc_ros2_driver' for CMake module files
[0.398s] Level 1:colcon.colcon_core.environment:checking '/home/chumbi/ros2_ws/install/lsc_ros2_driver' for CMake config files
[0.399s] Level 1:colcon.colcon_core.shell:create_environment_hook('lsc_ros2_driver', 'cmake_prefix_path')
[0.399s] INFO:colcon.colcon_core.shell:Creating environment hook '/home/chumbi/ros2_ws/install/lsc_ros2_driver/share/lsc_ros2_driver/hook/cmake_prefix_path.ps1'
[0.400s] INFO:colcon.colcon_core.shell:Creating environment descriptor '/home/chumbi/ros2_ws/install/lsc_ros2_driver/share/lsc_ros2_driver/hook/cmake_prefix_path.dsv'
[0.400s] INFO:colcon.colcon_core.shell:Creating environment hook '/home/chumbi/ros2_ws/install/lsc_ros2_driver/share/lsc_ros2_driver/hook/cmake_prefix_path.sh'
[0.401s] Level 1:colcon.colcon_core.environment:checking '/home/chumbi/ros2_ws/install/lsc_ros2_driver/lib'
[0.401s] Level 1:colcon.colcon_core.environment:checking '/home/chumbi/ros2_ws/install/lsc_ros2_driver/bin'
[0.401s] Level 1:colcon.colcon_core.environment:checking '/home/chumbi/ros2_ws/install/lsc_ros2_driver/lib/pkgconfig/lsc_ros2_driver.pc'
[0.401s] Level 1:colcon.colcon_core.environment:checking '/home/chumbi/ros2_ws/install/lsc_ros2_driver/lib/python3.12/site-packages'
[0.402s] Level 1:colcon.colcon_core.environment:checking '/home/chumbi/ros2_ws/install/lsc_ros2_driver/bin'
[0.402s] INFO:colcon.colcon_core.shell:Creating package script '/home/chumbi/ros2_ws/install/lsc_ros2_driver/share/lsc_ros2_driver/package.ps1'
[0.403s] INFO:colcon.colcon_core.shell:Creating package descriptor '/home/chumbi/ros2_ws/install/lsc_ros2_driver/share/lsc_ros2_driver/package.dsv'
[0.403s] INFO:colcon.colcon_core.shell:Creating package script '/home/chumbi/ros2_ws/install/lsc_ros2_driver/share/lsc_ros2_driver/package.sh'
[0.404s] INFO:colcon.colcon_core.shell:Creating package script '/home/chumbi/ros2_ws/install/lsc_ros2_driver/share/lsc_ros2_driver/package.bash'
[0.405s] INFO:colcon.colcon_core.shell:Creating package script '/home/chumbi/ros2_ws/install/lsc_ros2_driver/share/lsc_ros2_driver/package.zsh'
[0.405s] Level 1:colcon.colcon_core.environment:create_file_with_runtime_dependencies(/home/chumbi/ros2_ws/install/lsc_ros2_driver/share/colcon-core/packages/lsc_ros2_driver)
[0.406s] Level 1:colcon.colcon_core.environment:create_environment_scripts_only(lsc_ros2_driver)
[0.406s] Level 1:colcon.colcon_core.environment:checking '/home/chumbi/ros2_ws/install/lsc_ros2_driver' for CMake module files
[0.407s] Level 1:colcon.colcon_core.environment:checking '/home/chumbi/ros2_ws/install/lsc_ros2_driver' for CMake config files
[0.407s] Level 1:colcon.colcon_core.shell:create_environment_hook('lsc_ros2_driver', 'cmake_prefix_path')
[0.408s] INFO:colcon.colcon_core.shell:Creating environment hook '/home/chumbi/ros2_ws/install/lsc_ros2_driver/share/lsc_ros2_driver/hook/cmake_prefix_path.ps1'
[0.408s] INFO:colcon.colcon_core.shell:Creating environment descriptor '/home/chumbi/ros2_ws/install/lsc_ros2_driver/share/lsc_ros2_driver/hook/cmake_prefix_path.dsv'
[0.409s] INFO:colcon.colcon_core.shell:Creating environment hook '/home/chumbi/ros2_ws/install/lsc_ros2_driver/share/lsc_ros2_driver/hook/cmake_prefix_path.sh'
[0.409s] Level 1:colcon.colcon_core.environment:checking '/home/chumbi/ros2_ws/install/lsc_ros2_driver/lib'
[0.409s] Level 1:colcon.colcon_core.environment:checking '/home/chumbi/ros2_ws/install/lsc_ros2_driver/bin'
[0.410s] Level 1:colcon.colcon_core.environment:checking '/home/chumbi/ros2_ws/install/lsc_ros2_driver/lib/pkgconfig/lsc_ros2_driver.pc'
[0.410s] Level 1:colcon.colcon_core.environment:checking '/home/chumbi/ros2_ws/install/lsc_ros2_driver/lib/python3.12/site-packages'
[0.410s] Level 1:colcon.colcon_core.environment:checking '/home/chumbi/ros2_ws/install/lsc_ros2_driver/bin'
[0.410s] INFO:colcon.colcon_core.shell:Creating package script '/home/chumbi/ros2_ws/install/lsc_ros2_driver/share/lsc_ros2_driver/package.ps1'
[0.411s] INFO:colcon.colcon_core.shell:Creating package descriptor '/home/chumbi/ros2_ws/install/lsc_ros2_driver/share/lsc_ros2_driver/package.dsv'
[0.411s] INFO:colcon.colcon_core.shell:Creating package script '/home/chumbi/ros2_ws/install/lsc_ros2_driver/share/lsc_ros2_driver/package.sh'
[0.412s] INFO:colcon.colcon_core.shell:Creating package script '/home/chumbi/ros2_ws/install/lsc_ros2_driver/share/lsc_ros2_driver/package.bash'
[0.412s] INFO:colcon.colcon_core.shell:Creating package script '/home/chumbi/ros2_ws/install/lsc_ros2_driver/share/lsc_ros2_driver/package.zsh'
[0.412s] Level 1:colcon.colcon_core.environment:create_file_with_runtime_dependencies(/home/chumbi/ros2_ws/install/lsc_ros2_driver/share/colcon-core/packages/lsc_ros2_driver)
[0.822s] DEBUG:colcon.colcon_core.event_handler.log_command:Invoking command in '/home/chumbi/ros2_ws/src/testing': DEBUGINFOD_URLS=https://debuginfod.ubuntu.com PYTHONPATH=/home/chumbi/ros2_ws/build/testing/prefix_override:/usr/lib/python3/dist-packages/colcon_core/task/python/colcon_distutils_commands:/home/chumbi/ros2_ws/install/testing/lib/python3.12/site-packages:${PYTHONPATH} /usr/bin/python3 -W ignore:setup.py install is deprecated -W ignore:easy_install command is deprecated setup.py egg_info --egg-base ../../build/testing build --build-base /home/chumbi/ros2_ws/build/testing/build install --record /home/chumbi/ros2_ws/build/testing/install.log --single-version-externally-managed install_data
[1.271s] Level 1:colcon.colcon_core.environment:checking '/home/chumbi/ros2_ws/install/testing' for CMake module files
[1.271s] DEBUG:colcon.colcon_core.event_handler.log_command:Invoked command in '/home/chumbi/ros2_ws/src/testing' returned '0': DEBUGINFOD_URLS=https://debuginfod.ubuntu.com PYTHONPATH=/home/chumbi/ros2_ws/build/testing/prefix_override:/usr/lib/python3/dist-packages/colcon_core/task/python/colcon_distutils_commands:/home/chumbi/ros2_ws/install/testing/lib/python3.12/site-packages:${PYTHONPATH} /usr/bin/python3 -W ignore:setup.py install is deprecated -W ignore:easy_install command is deprecated setup.py egg_info --egg-base ../../build/testing build --build-base /home/chumbi/ros2_ws/build/testing/build install --record /home/chumbi/ros2_ws/build/testing/install.log --single-version-externally-managed install_data
[1.272s] Level 1:colcon.colcon_core.environment:checking '/home/chumbi/ros2_ws/install/testing' for CMake config files
[1.272s] Level 1:colcon.colcon_core.environment:checking '/home/chumbi/ros2_ws/install/testing/lib'
[1.272s] Level 1:colcon.colcon_core.environment:checking '/home/chumbi/ros2_ws/install/testing/bin'
[1.272s] Level 1:colcon.colcon_core.environment:checking '/home/chumbi/ros2_ws/install/testing/lib/pkgconfig/testing.pc'
[1.273s] Level 1:colcon.colcon_core.environment:checking '/home/chumbi/ros2_ws/install/testing/lib/python3.12/site-packages'
[1.273s] Level 1:colcon.colcon_core.shell:create_environment_hook('testing', 'pythonpath')
[1.273s] INFO:colcon.colcon_core.shell:Creating environment hook '/home/chumbi/ros2_ws/install/testing/share/testing/hook/pythonpath.ps1'
[1.274s] INFO:colcon.colcon_core.shell:Creating environment descriptor '/home/chumbi/ros2_ws/install/testing/share/testing/hook/pythonpath.dsv'
[1.274s] INFO:colcon.colcon_core.shell:Creating environment hook '/home/chumbi/ros2_ws/install/testing/share/testing/hook/pythonpath.sh'
[1.275s] Level 1:colcon.colcon_core.environment:checking '/home/chumbi/ros2_ws/install/testing/bin'
[1.275s] Level 1:colcon.colcon_core.environment:create_environment_scripts_only(testing)
[1.275s] INFO:colcon.colcon_core.shell:Creating package script '/home/chumbi/ros2_ws/install/testing/share/testing/package.ps1'
[1.275s] INFO:colcon.colcon_core.shell:Creating package descriptor '/home/chumbi/ros2_ws/install/testing/share/testing/package.dsv'
[1.276s] INFO:colcon.colcon_core.shell:Creating package script '/home/chumbi/ros2_ws/install/testing/share/testing/package.sh'
[1.276s] INFO:colcon.colcon_core.shell:Creating package script '/home/chumbi/ros2_ws/install/testing/share/testing/package.bash'
[1.276s] INFO:colcon.colcon_core.shell:Creating package script '/home/chumbi/ros2_ws/install/testing/share/testing/package.zsh'
[1.276s] Level 1:colcon.colcon_core.environment:create_file_with_runtime_dependencies(/home/chumbi/ros2_ws/install/testing/share/colcon-core/packages/testing)
[1.470s] DEBUG:colcon.colcon_core.event_handler.log_command:Invoked command in '/home/chumbi/ros2_ws/build/rf2o_laser_odometry' returned '0': CMAKE_PREFIX_PATH=${CMAKE_PREFIX_PATH}:/home/chumbi/ros2_ws/install/testing:/opt/ros/jazzy DEBUGINFOD_URLS=https://debuginfod.ubuntu.com /usr/bin/cmake /home/chumbi/ros2_ws/src/rf2o_laser_odometry -DCMAKE_INSTALL_PREFIX=/home/chumbi/ros2_ws/install/rf2o_laser_odometry
[1.471s] DEBUG:colcon.colcon_core.event_handler.log_command:Invoking command in '/home/chumbi/ros2_ws/build/rf2o_laser_odometry': CMAKE_PREFIX_PATH=${CMAKE_PREFIX_PATH}:/home/chumbi/ros2_ws/install/testing:/opt/ros/jazzy DEBUGINFOD_URLS=https://debuginfod.ubuntu.com /usr/bin/cmake --build /home/chumbi/ros2_ws/build/rf2o_laser_odometry -- -j12 -l12
[17.293s] DEBUG:colcon.colcon_core.event_handler.log_command:Invoked command in '/home/chumbi/ros2_ws/build/rf2o_laser_odometry' returned '0': CMAKE_PREFIX_PATH=${CMAKE_PREFIX_PATH}:/home/chumbi/ros2_ws/install/testing:/opt/ros/jazzy DEBUGINFOD_URLS=https://debuginfod.ubuntu.com /usr/bin/cmake --build /home/chumbi/ros2_ws/build/rf2o_laser_odometry -- -j12 -l12
[17.294s] DEBUG:colcon.colcon_core.event_handler.log_command:Invoking command in '/home/chumbi/ros2_ws/build/rf2o_laser_odometry': CMAKE_PREFIX_PATH=${CMAKE_PREFIX_PATH}:/home/chumbi/ros2_ws/install/testing:/opt/ros/jazzy DEBUGINFOD_URLS=https://debuginfod.ubuntu.com /usr/bin/cmake --install /home/chumbi/ros2_ws/build/rf2o_laser_odometry
[17.313s] Level 1:colcon.colcon_core.environment:create_environment_scripts_only(rf2o_laser_odometry)
[17.314s] Level 1:colcon.colcon_core.environment:checking '/home/chumbi/ros2_ws/install/rf2o_laser_odometry' for CMake module files
[17.314s] DEBUG:colcon.colcon_core.event_handler.log_command:Invoked command in '/home/chumbi/ros2_ws/build/rf2o_laser_odometry' returned '0': CMAKE_PREFIX_PATH=${CMAKE_PREFIX_PATH}:/home/chumbi/ros2_ws/install/testing:/opt/ros/jazzy DEBUGINFOD_URLS=https://debuginfod.ubuntu.com /usr/bin/cmake --install /home/chumbi/ros2_ws/build/rf2o_laser_odometry
[17.314s] Level 1:colcon.colcon_core.environment:checking '/home/chumbi/ros2_ws/install/rf2o_laser_odometry' for CMake config files
[17.314s] Level 1:colcon.colcon_core.shell:create_environment_hook('rf2o_laser_odometry', 'cmake_prefix_path')
[17.314s] INFO:colcon.colcon_core.shell:Creating environment hook '/home/chumbi/ros2_ws/install/rf2o_laser_odometry/share/rf2o_laser_odometry/hook/cmake_prefix_path.ps1'
[17.315s] INFO:colcon.colcon_core.shell:Creating environment descriptor '/home/chumbi/ros2_ws/install/rf2o_laser_odometry/share/rf2o_laser_odometry/hook/cmake_prefix_path.dsv'
[17.315s] INFO:colcon.colcon_core.shell:Creating environment hook '/home/chumbi/ros2_ws/install/rf2o_laser_odometry/share/rf2o_laser_odometry/hook/cmake_prefix_path.sh'
[17.315s] Level 1:colcon.colcon_core.environment:checking '/home/chumbi/ros2_ws/install/rf2o_laser_odometry/lib'
[17.315s] Level 1:colcon.colcon_core.environment:checking '/home/chumbi/ros2_ws/install/rf2o_laser_odometry/bin'
[17.315s] Level 1:colcon.colcon_core.environment:checking '/home/chumbi/ros2_ws/install/rf2o_laser_odometry/lib/pkgconfig/rf2o_laser_odometry.pc'
[17.316s] Level 1:colcon.colcon_core.environment:checking '/home/chumbi/ros2_ws/install/rf2o_laser_odometry/lib/python3.12/site-packages'
[17.316s] Level 1:colcon.colcon_core.environment:checking '/home/chumbi/ros2_ws/install/rf2o_laser_odometry/bin'
[17.316s] INFO:colcon.colcon_core.shell:Creating package script '/home/chumbi/ros2_ws/install/rf2o_laser_odometry/share/rf2o_laser_odometry/package.ps1'
[17.316s] INFO:colcon.colcon_core.shell:Creating package descriptor '/home/chumbi/ros2_ws/install/rf2o_laser_odometry/share/rf2o_laser_odometry/package.dsv'
[17.316s] INFO:colcon.colcon_core.shell:Creating package script '/home/chumbi/ros2_ws/install/rf2o_laser_odometry/share/rf2o_laser_odometry/package.sh'
[17.316s] INFO:colcon.colcon_core.shell:Creating package script '/home/chumbi/ros2_ws/install/rf2o_laser_odometry/share/rf2o_laser_odometry/package.bash'
[17.317s] INFO:colcon.colcon_core.shell:Creating package script '/home/chumbi/ros2_ws/install/rf2o_laser_odometry/share/rf2o_laser_odometry/package.zsh'
[17.317s] Level 1:colcon.colcon_core.environment:create_file_with_runtime_dependencies(/home/chumbi/ros2_ws/install/rf2o_laser_odometry/share/colcon-core/packages/rf2o_laser_odometry)
[17.317s] Level 1:colcon.colcon_core.environment:create_environment_scripts_only(rf2o_laser_odometry)
[17.317s] Level 1:colcon.colcon_core.environment:checking '/home/chumbi/ros2_ws/install/rf2o_laser_odometry' for CMake module files
[17.318s] Level 1:colcon.colcon_core.environment:checking '/home/chumbi/ros2_ws/install/rf2o_laser_odometry' for CMake config files
[17.318s] Level 1:colcon.colcon_core.shell:create_environment_hook('rf2o_laser_odometry', 'cmake_prefix_path')
[17.318s] INFO:colcon.colcon_core.shell:Creating environment hook '/home/chumbi/ros2_ws/install/rf2o_laser_odometry/share/rf2o_laser_odometry/hook/cmake_prefix_path.ps1'
[17.318s] INFO:colcon.colcon_core.shell:Creating environment descriptor '/home/chumbi/ros2_ws/install/rf2o_laser_odometry/share/rf2o_laser_odometry/hook/cmake_prefix_path.dsv'
[17.318s] INFO:colcon.colcon_core.shell:Creating environment hook '/home/chumbi/ros2_ws/install/rf2o_laser_odometry/share/rf2o_laser_odometry/hook/cmake_prefix_path.sh'
[17.319s] Level 1:colcon.colcon_core.environment:checking '/home/chumbi/ros2_ws/install/rf2o_laser_odometry/lib'
[17.319s] Level 1:colcon.colcon_core.environment:checking '/home/chumbi/ros2_ws/install/rf2o_laser_odometry/bin'
[17.319s] Level 1:colcon.colcon_core.environment:checking '/home/chumbi/ros2_ws/install/rf2o_laser_odometry/lib/pkgconfig/rf2o_laser_odometry.pc'
[17.319s] Level 1:colcon.colcon_core.environment:checking '/home/chumbi/ros2_ws/install/rf2o_laser_odometry/lib/python3.12/site-packages'
[17.319s] Level 1:colcon.colcon_core.environment:checking '/home/chumbi/ros2_ws/install/rf2o_laser_odometry/bin'
[17.319s] INFO:colcon.colcon_core.shell:Creating package script '/home/chumbi/ros2_ws/install/rf2o_laser_odometry/share/rf2o_laser_odometry/package.ps1'
[17.319s] INFO:colcon.colcon_core.shell:Creating package descriptor '/home/chumbi/ros2_ws/install/rf2o_laser_odometry/share/rf2o_laser_odometry/package.dsv'
[17.320s] INFO:colcon.colcon_core.shell:Creating package script '/home/chumbi/ros2_ws/install/rf2o_laser_odometry/share/rf2o_laser_odometry/package.sh'
[17.320s] INFO:colcon.colcon_core.shell:Creating package script '/home/chumbi/ros2_ws/install/rf2o_laser_odometry/share/rf2o_laser_odometry/package.bash'
[17.320s] INFO:colcon.colcon_core.shell:Creating package script '/home/chumbi/ros2_ws/install/rf2o_laser_odometry/share/rf2o_laser_odometry/package.zsh'
[17.321s] Level 1:colcon.colcon_core.environment:create_file_with_runtime_dependencies(/home/chumbi/ros2_ws/install/rf2o_laser_odometry/share/colcon-core/packages/rf2o_laser_odometry)
[17.321s] DEBUG:colcon.colcon_parallel_executor.executor.parallel:closing loop
[17.321s] DEBUG:colcon.colcon_parallel_executor.executor.parallel:loop closed
[17.321s] DEBUG:colcon.colcon_parallel_executor.executor.parallel:run_until_complete finished with '0'
[17.321s] DEBUG:colcon.colcon_core.event_reactor:joining thread
[17.327s] INFO:colcon.colcon_core.plugin_system:Skipping extension 'colcon_notification.desktop_notification.terminal_notifier': Not used on non-Darwin systems
[17.327s] INFO:colcon.colcon_core.plugin_system:Skipping extension 'colcon_notification.desktop_notification.win32': Not used on non-Windows systems
[17.327s] INFO:colcon.colcon_notification.desktop_notification:Sending desktop notification using 'notify2'
[17.345s] DEBUG:colcon.colcon_core.event_reactor:joined thread
[17.345s] INFO:colcon.colcon_core.shell:Creating prefix script '/home/chumbi/ros2_ws/install/local_setup.ps1'
[17.347s] INFO:colcon.colcon_core.shell:Creating prefix util module '/home/chumbi/ros2_ws/install/_local_setup_util_ps1.py'
[17.348s] INFO:colcon.colcon_core.shell:Creating prefix chain script '/home/chumbi/ros2_ws/install/setup.ps1'
[17.349s] INFO:colcon.colcon_core.shell:Creating prefix script '/home/chumbi/ros2_ws/install/local_setup.sh'
[17.350s] INFO:colcon.colcon_core.shell:Creating prefix util module '/home/chumbi/ros2_ws/install/_local_setup_util_sh.py'
[17.351s] INFO:colcon.colcon_core.shell:Creating prefix chain script '/home/chumbi/ros2_ws/install/setup.sh'
[17.351s] INFO:colcon.colcon_core.shell:Creating prefix script '/home/chumbi/ros2_ws/install/local_setup.bash'
[17.352s] INFO:colcon.colcon_core.shell:Creating prefix chain script '/home/chumbi/ros2_ws/install/setup.bash'
[17.352s] INFO:colcon.colcon_core.shell:Creating prefix script '/home/chumbi/ros2_ws/install/local_setup.zsh'
[17.353s] INFO:colcon.colcon_core.shell:Creating prefix chain script '/home/chumbi/ros2_ws/install/setup.zsh'
