[100%] Built target autonics_lsc_lidar
-- Install configuration: ""
-- Up-to-date: /home/chumbi/ros2_ws/install/lsc_ros2_driver/lib/lsc_ros2_driver/autonics_lsc_lidar
-- Up-to-date: /home/chumbi/ros2_ws/install/lsc_ros2_driver/share/lsc_ros2_driver/launch
-- Up-to-date: /home/chumbi/ros2_ws/install/lsc_ros2_driver/share/lsc_ros2_driver/launch/lsc_ros2_driver_launch.py
-- Up-to-date: /home/chumbi/ros2_ws/install/lsc_ros2_driver/share/lsc_ros2_driver/launch/__pycache__
-- Up-to-date: /home/chumbi/ros2_ws/install/lsc_ros2_driver/share/lsc_ros2_driver/launch/__pycache__/lsc_ros2_driver_launch_ipchange.cpython-38.pyc
-- Up-to-date: /home/chumbi/ros2_ws/install/lsc_ros2_driver/share/lsc_ros2_driver/rviz
-- Up-to-date: /home/chumbi/ros2_ws/install/lsc_ros2_driver/share/lsc_ros2_driver/rviz/lsc_ros2_driver.rviz
-- Up-to-date: /home/chumbi/ros2_ws/install/lsc_ros2_driver/share/lsc_ros2_driver/urdf
-- Up-to-date: /home/chumbi/ros2_ws/install/lsc_ros2_driver/share/lsc_ros2_driver/urdf/lsc-c25ct3-bet.stl
-- Up-to-date: /home/chumbi/ros2_ws/install/lsc_ros2_driver/share/lsc_ros2_driver/urdf/lsc_ros2_driver.urdf.xacro
-- Up-to-date: /home/chumbi/ros2_ws/install/lsc_ros2_driver/share/lsc_ros2_driver/urdf/lsc-c25ct3-bet.dae
-- Up-to-date: /home/chumbi/ros2_ws/install/lsc_ros2_driver/share/ament_index/resource_index/package_run_dependencies/lsc_ros2_driver
-- Up-to-date: /home/chumbi/ros2_ws/install/lsc_ros2_driver/share/ament_index/resource_index/parent_prefix_path/lsc_ros2_driver
-- Up-to-date: /home/chumbi/ros2_ws/install/lsc_ros2_driver/share/lsc_ros2_driver/environment/ament_prefix_path.sh
-- Up-to-date: /home/chumbi/ros2_ws/install/lsc_ros2_driver/share/lsc_ros2_driver/environment/ament_prefix_path.dsv
-- Up-to-date: /home/chumbi/ros2_ws/install/lsc_ros2_driver/share/lsc_ros2_driver/environment/path.sh
-- Up-to-date: /home/chumbi/ros2_ws/install/lsc_ros2_driver/share/lsc_ros2_driver/environment/path.dsv
-- Up-to-date: /home/chumbi/ros2_ws/install/lsc_ros2_driver/share/lsc_ros2_driver/local_setup.bash
-- Up-to-date: /home/chumbi/ros2_ws/install/lsc_ros2_driver/share/lsc_ros2_driver/local_setup.sh
-- Up-to-date: /home/chumbi/ros2_ws/install/lsc_ros2_driver/share/lsc_ros2_driver/local_setup.zsh
-- Up-to-date: /home/chumbi/ros2_ws/install/lsc_ros2_driver/share/lsc_ros2_driver/local_setup.dsv
-- Installing: /home/chumbi/ros2_ws/install/lsc_ros2_driver/share/lsc_ros2_driver/package.dsv
-- Up-to-date: /home/chumbi/ros2_ws/install/lsc_ros2_driver/share/ament_index/resource_index/packages/lsc_ros2_driver
-- Up-to-date: /home/chumbi/ros2_ws/install/lsc_ros2_driver/share/lsc_ros2_driver/cmake/lsc_ros2_driverConfig.cmake
-- Up-to-date: /home/chumbi/ros2_ws/install/lsc_ros2_driver/share/lsc_ros2_driver/cmake/lsc_ros2_driverConfig-version.cmake
-- Up-to-date: /home/chumbi/ros2_ws/install/lsc_ros2_driver/share/lsc_ros2_driver/package.xml
