[0.011s] Invoking command in '/home/chumbi/ros2_ws/build/rf2o_laser_odometry': CMAKE_PREFIX_PATH=${CMAKE_PREFIX_PATH}:/home/chumbi/ros2_ws/install/testing:/opt/ros/jazzy DEBUGINFOD_URLS=https://debuginfod.ubuntu.com /usr/bin/cmake --build /home/chumbi/ros2_ws/build/rf2o_laser_odometry -- -j12 -l12
[0.093s] [ 40%] Built target rf2o_laser_odometry
[0.096s] [100%] Built target rf2o_laser_odometry_node
[0.184s] Invoked command in '/home/chumbi/ros2_ws/build/rf2o_laser_odometry' returned '0': CMAKE_PREFIX_PATH=${CMAKE_PREFIX_PATH}:/home/chumbi/ros2_ws/install/testing:/opt/ros/jazzy DEBUGINFOD_URLS=https://debuginfod.ubuntu.com /usr/bin/cmake --build /home/chumbi/ros2_ws/build/rf2o_laser_odometry -- -j12 -l12
[0.185s] Invoking command in '/home/chumbi/ros2_ws/build/rf2o_laser_odometry': CMAKE_PREFIX_PATH=${CMAKE_PREFIX_PATH}:/home/chumbi/ros2_ws/install/testing:/opt/ros/jazzy DEBUGINFOD_URLS=https://debuginfod.ubuntu.com /usr/bin/cmake --install /home/chumbi/ros2_ws/build/rf2o_laser_odometry
[0.194s] -- Install configuration: ""
[0.195s] -- Up-to-date: /home/chumbi/ros2_ws/install/rf2o_laser_odometry/lib/rf2o_laser_odometry/rf2o_laser_odometry_node
[0.195s] -- Up-to-date: /home/chumbi/ros2_ws/install/rf2o_laser_odometry/share/rf2o_laser_odometry/launch
[0.195s] -- Up-to-date: /home/chumbi/ros2_ws/install/rf2o_laser_odometry/share/rf2o_laser_odometry/launch/rf2o_laser_odometry.launch.py
[0.195s] -- Up-to-date: /home/chumbi/ros2_ws/install/rf2o_laser_odometry/share/ament_index/resource_index/package_run_dependencies/rf2o_laser_odometry
[0.195s] -- Up-to-date: /home/chumbi/ros2_ws/install/rf2o_laser_odometry/share/ament_index/resource_index/parent_prefix_path/rf2o_laser_odometry
[0.195s] -- Up-to-date: /home/chumbi/ros2_ws/install/rf2o_laser_odometry/share/rf2o_laser_odometry/environment/ament_prefix_path.sh
[0.195s] -- Up-to-date: /home/chumbi/ros2_ws/install/rf2o_laser_odometry/share/rf2o_laser_odometry/environment/ament_prefix_path.dsv
[0.195s] -- Up-to-date: /home/chumbi/ros2_ws/install/rf2o_laser_odometry/share/rf2o_laser_odometry/environment/path.sh
[0.195s] -- Up-to-date: /home/chumbi/ros2_ws/install/rf2o_laser_odometry/share/rf2o_laser_odometry/environment/path.dsv
[0.196s] -- Up-to-date: /home/chumbi/ros2_ws/install/rf2o_laser_odometry/share/rf2o_laser_odometry/local_setup.bash
[0.196s] -- Up-to-date: /home/chumbi/ros2_ws/install/rf2o_laser_odometry/share/rf2o_laser_odometry/local_setup.sh
[0.196s] -- Up-to-date: /home/chumbi/ros2_ws/install/rf2o_laser_odometry/share/rf2o_laser_odometry/local_setup.zsh
[0.196s] -- Up-to-date: /home/chumbi/ros2_ws/install/rf2o_laser_odometry/share/rf2o_laser_odometry/local_setup.dsv
[0.196s] -- Installing: /home/chumbi/ros2_ws/install/rf2o_laser_odometry/share/rf2o_laser_odometry/package.dsv
[0.196s] -- Up-to-date: /home/chumbi/ros2_ws/install/rf2o_laser_odometry/share/ament_index/resource_index/packages/rf2o_laser_odometry
[0.196s] -- Up-to-date: /home/chumbi/ros2_ws/install/rf2o_laser_odometry/share/rf2o_laser_odometry/cmake/rf2o_laser_odometryConfig.cmake
[0.196s] -- Up-to-date: /home/chumbi/ros2_ws/install/rf2o_laser_odometry/share/rf2o_laser_odometry/cmake/rf2o_laser_odometryConfig-version.cmake
[0.196s] -- Up-to-date: /home/chumbi/ros2_ws/install/rf2o_laser_odometry/share/rf2o_laser_odometry/package.xml
[0.212s] Invoked command in '/home/chumbi/ros2_ws/build/rf2o_laser_odometry' returned '0': CMAKE_PREFIX_PATH=${CMAKE_PREFIX_PATH}:/home/chumbi/ros2_ws/install/testing:/opt/ros/jazzy DEBUGINFOD_URLS=https://debuginfod.ubuntu.com /usr/bin/cmake --install /home/chumbi/ros2_ws/build/rf2o_laser_odometry
