[0.026s] Invoking command in '/home/chumbi/ros2_ws/build/rf2o_laser_odometry': CMAKE_PREFIX_PATH=${CMAKE_PREFIX_PATH}:/home/chumbi/ros2_ws/install/testing:/opt/ros/jazzy DEBUGINFOD_URLS=https://debuginfod.ubuntu.com /usr/bin/cmake --build /home/chumbi/ros2_ws/build/rf2o_laser_odometry -- -j12 -l12
[0.171s] [ 60%] Built target rf2o_laser_odometry_node
[0.172s] [100%] Built target rf2o_laser_odometry
[0.351s] Invoked command in '/home/chumbi/ros2_ws/build/rf2o_laser_odometry' returned '0': CMAKE_PREFIX_PATH=${CMAKE_PREFIX_PATH}:/home/chumbi/ros2_ws/install/testing:/opt/ros/jazzy DEBUGINFOD_URLS=https://debuginfod.ubuntu.com /usr/bin/cmake --build /home/chumbi/ros2_ws/build/rf2o_laser_odometry -- -j12 -l12
[0.378s] Invoking command in '/home/chumbi/ros2_ws/build/rf2o_laser_odometry': CMAKE_PREFIX_PATH=${CMAKE_PREFIX_PATH}:/home/chumbi/ros2_ws/install/testing:/opt/ros/jazzy DEBUGINFOD_URLS=https://debuginfod.ubuntu.com /usr/bin/cmake --install /home/chumbi/ros2_ws/build/rf2o_laser_odometry
[0.411s] -- Install configuration: ""
[0.415s] -- Up-to-date: /home/chumbi/ros2_ws/install/rf2o_laser_odometry/lib/rf2o_laser_odometry/rf2o_laser_odometry_node
[0.415s] -- Up-to-date: /home/chumbi/ros2_ws/install/rf2o_laser_odometry/share/rf2o_laser_odometry/launch
[0.415s] -- Up-to-date: /home/chumbi/ros2_ws/install/rf2o_laser_odometry/share/rf2o_laser_odometry/launch/rf2o_laser_odometry.launch.py
[0.416s] -- Up-to-date: /home/chumbi/ros2_ws/install/rf2o_laser_odometry/share/ament_index/resource_index/package_run_dependencies/rf2o_laser_odometry
[0.416s] -- Up-to-date: /home/chumbi/ros2_ws/install/rf2o_laser_odometry/share/ament_index/resource_index/parent_prefix_path/rf2o_laser_odometry
[0.416s] -- Up-to-date: /home/chumbi/ros2_ws/install/rf2o_laser_odometry/share/rf2o_laser_odometry/environment/ament_prefix_path.sh
[0.419s] -- Up-to-date: /home/chumbi/ros2_ws/install/rf2o_laser_odometry/share/rf2o_laser_odometry/environment/ament_prefix_path.dsv
[0.419s] -- Up-to-date: /home/chumbi/ros2_ws/install/rf2o_laser_odometry/share/rf2o_laser_odometry/environment/path.sh
[0.420s] -- Up-to-date: /home/chumbi/ros2_ws/install/rf2o_laser_odometry/share/rf2o_laser_odometry/environment/path.dsv
[0.420s] -- Up-to-date: /home/chumbi/ros2_ws/install/rf2o_laser_odometry/share/rf2o_laser_odometry/local_setup.bash
[0.420s] -- Up-to-date: /home/chumbi/ros2_ws/install/rf2o_laser_odometry/share/rf2o_laser_odometry/local_setup.sh
[0.425s] -- Up-to-date: /home/chumbi/ros2_ws/install/rf2o_laser_odometry/share/rf2o_laser_odometry/local_setup.zsh
[0.427s] -- Up-to-date: /home/chumbi/ros2_ws/install/rf2o_laser_odometry/share/rf2o_laser_odometry/local_setup.dsv
[0.428s] -- Installing: /home/chumbi/ros2_ws/install/rf2o_laser_odometry/share/rf2o_laser_odometry/package.dsv
[0.428s] -- Up-to-date: /home/chumbi/ros2_ws/install/rf2o_laser_odometry/share/ament_index/resource_index/packages/rf2o_laser_odometry
[0.428s] -- Up-to-date: /home/chumbi/ros2_ws/install/rf2o_laser_odometry/share/rf2o_laser_odometry/cmake/rf2o_laser_odometryConfig.cmake
[0.428s] -- Up-to-date: /home/chumbi/ros2_ws/install/rf2o_laser_odometry/share/rf2o_laser_odometry/cmake/rf2o_laser_odometryConfig-version.cmake
[0.429s] -- Up-to-date: /home/chumbi/ros2_ws/install/rf2o_laser_odometry/share/rf2o_laser_odometry/package.xml
[0.432s] Invoked command in '/home/chumbi/ros2_ws/build/rf2o_laser_odometry' returned '0': CMAKE_PREFIX_PATH=${CMAKE_PREFIX_PATH}:/home/chumbi/ros2_ws/install/testing:/opt/ros/jazzy DEBUGINFOD_URLS=https://debuginfod.ubuntu.com /usr/bin/cmake --install /home/chumbi/ros2_ws/build/rf2o_laser_odometry
